\BOOKMARK [0][-]{chapter.1}{\376\377\0001\000\040\000D\000a\000t\000a\000\040\000S\000t\000r\000u\000c\000t\000u\000r\000e\000\040\000I\000n\000d\000e\000x}{}% 1
\BOOKMARK [1][-]{section.1.1}{\376\377\0001\000.\0001\000\040\000D\000a\000t\000a\000\040\000S\000t\000r\000u\000c\000t\000u\000r\000e\000s}{chapter.1}% 2
\BOOKMARK [0][-]{chapter.2}{\376\377\0002\000\040\000F\000i\000l\000e\000\040\000I\000n\000d\000e\000x}{}% 3
\BOOKMARK [1][-]{section.2.1}{\376\377\0002\000.\0001\000\040\000F\000i\000l\000e\000\040\000L\000i\000s\000t}{chapter.2}% 4
\BOOKMARK [0][-]{chapter.3}{\376\377\0003\000\040\000D\000a\000t\000a\000\040\000S\000t\000r\000u\000c\000t\000u\000r\000e\000\040\000D\000o\000c\000u\000m\000e\000n\000t\000a\000t\000i\000o\000n}{}% 5
\BOOKMARK [1][-]{section.3.1}{\376\377\0003\000.\0001\000\040\000P\000w\000m\000S\000t\000r\000u\000c\000t\000\040\000S\000t\000r\000u\000c\000t\000\040\000R\000e\000f\000e\000r\000e\000n\000c\000e}{chapter.3}% 6
\BOOKMARK [2][-]{subsection.3.1.1}{\376\377\0003\000.\0001\000.\0001\000\040\000D\000e\000t\000a\000i\000l\000e\000d\000\040\000D\000e\000s\000c\000r\000i\000p\000t\000i\000o\000n}{section.3.1}% 7
\BOOKMARK [2][-]{subsection.3.1.2}{\376\377\0003\000.\0001\000.\0002\000\040\000F\000i\000e\000l\000d\000\040\000D\000o\000c\000u\000m\000e\000n\000t\000a\000t\000i\000o\000n}{section.3.1}% 8
\BOOKMARK [3][-]{subsubsection.3.1.2.1}{\376\377\0003\000.\0001\000.\0002\000.\0001\000\040\000i\000s\000\137\000r\000u\000n\000n\000i\000n\000g}{subsection.3.1.2}% 9
\BOOKMARK [3][-]{subsubsection.3.1.2.2}{\376\377\0003\000.\0001\000.\0002\000.\0002\000\040\000p\000u\000l\000s\000e\000\137\000w\000i\000d\000t\000h}{subsection.3.1.2}% 10
\BOOKMARK [1][-]{section.3.2}{\376\377\0003\000.\0002\000\040\000T\000i\000m\000e\000r\000S\000t\000r\000u\000c\000t\000\040\000S\000t\000r\000u\000c\000t\000\040\000R\000e\000f\000e\000r\000e\000n\000c\000e}{chapter.3}% 11
\BOOKMARK [2][-]{subsection.3.2.1}{\376\377\0003\000.\0002\000.\0001\000\040\000D\000e\000t\000a\000i\000l\000e\000d\000\040\000D\000e\000s\000c\000r\000i\000p\000t\000i\000o\000n}{section.3.2}% 12
\BOOKMARK [2][-]{subsection.3.2.2}{\376\377\0003\000.\0002\000.\0002\000\040\000F\000i\000e\000l\000d\000\040\000D\000o\000c\000u\000m\000e\000n\000t\000a\000t\000i\000o\000n}{section.3.2}% 13
\BOOKMARK [3][-]{subsubsection.3.2.2.1}{\376\377\0003\000.\0002\000.\0002\000.\0001\000\040\000i\000s\000\137\000r\000u\000n\000n\000i\000n\000g}{subsection.3.2.2}% 14
\BOOKMARK [3][-]{subsubsection.3.2.2.2}{\376\377\0003\000.\0002\000.\0002\000.\0002\000\040\000t\000i\000m\000e}{subsection.3.2.2}% 15
\BOOKMARK [0][-]{chapter.4}{\376\377\0004\000\040\000F\000i\000l\000e\000\040\000D\000o\000c\000u\000m\000e\000n\000t\000a\000t\000i\000o\000n}{}% 16
\BOOKMARK [1][-]{section.4.1}{\376\377\0004\000.\0001\000\040\000C\000:\000/\000U\000s\000e\000r\000s\000/\000a\000g\000r\000e\000e\000n\000/\000D\000o\000c\000u\000m\000e\000n\000t\000s\000/\000P\000r\000o\000j\000e\000c\000t\000s\000/\000A\000v\000e\000o\000/\000C\000H\000-\0005\0003\000K\000\137\000L\000E\000D\000\137\000C\000o\000n\000t\000r\000o\000l\000l\000e\000r\000/\000C\000o\000r\000e\000/\000I\000n\000c\000/\000b\000u\000t\000t\000o\000n\000\137\000h\000a\000n\000d\000l\000e\000r\000.\000h\000\040\000F\000i\000l\000e\000\040\000R\000e\000f\000e\000r\000e\000n\000c\000e}{chapter.4}% 17
\BOOKMARK [2][-]{subsection.4.1.1}{\376\377\0004\000.\0001\000.\0001\000\040\000F\000u\000n\000c\000t\000i\000o\000n\000\040\000D\000o\000c\000u\000m\000e\000n\000t\000a\000t\000i\000o\000n}{section.4.1}% 18
\BOOKMARK [3][-]{subsubsection.4.1.1.1}{\376\377\0004\000.\0001\000.\0001\000.\0001\000\040\000I\000s\000B\000r\000i\000g\000h\000t\000P\000r\000e\000s\000s\000e\000d\000\050\000\051}{subsection.4.1.1}% 19
\BOOKMARK [3][-]{subsubsection.4.1.1.2}{\376\377\0004\000.\0001\000.\0001\000.\0002\000\040\000I\000s\000D\000i\000m\000P\000r\000e\000s\000s\000e\000d\000\050\000\051}{subsection.4.1.1}% 20
\BOOKMARK [3][-]{subsubsection.4.1.1.3}{\376\377\0004\000.\0001\000.\0001\000.\0003\000\040\000I\000s\000T\000o\000g\000g\000l\000e\000P\000r\000e\000s\000s\000e\000d\000\050\000\051}{subsection.4.1.1}% 21
\BOOKMARK [1][-]{section.4.2}{\376\377\0004\000.\0002\000\040\000b\000u\000t\000t\000o\000n\000\137\000h\000a\000n\000d\000l\000e\000r\000.\000h}{chapter.4}% 22
\BOOKMARK [1][-]{section.4.3}{\376\377\0004\000.\0003\000\040\000C\000:\000/\000U\000s\000e\000r\000s\000/\000a\000g\000r\000e\000e\000n\000/\000D\000o\000c\000u\000m\000e\000n\000t\000s\000/\000P\000r\000o\000j\000e\000c\000t\000s\000/\000A\000v\000e\000o\000/\000C\000H\000-\0005\0003\000K\000\137\000L\000E\000D\000\137\000C\000o\000n\000t\000r\000o\000l\000l\000e\000r\000/\000C\000o\000r\000e\000/\000I\000n\000c\000/\000c\000u\000r\000r\000e\000n\000t\000\137\000h\000a\000n\000d\000l\000e\000r\000.\000h\000\040\000F\000i\000l\000e\000\040\000R\000e\000f\000e\000r\000e\000n\000c\000e}{chapter.4}% 23
\BOOKMARK [2][-]{subsection.4.3.1}{\376\377\0004\000.\0003\000.\0001\000\040\000E\000n\000u\000m\000e\000r\000a\000t\000i\000o\000n\000\040\000T\000y\000p\000e\000\040\000D\000o\000c\000u\000m\000e\000n\000t\000a\000t\000i\000o\000n}{section.4.3}% 24
\BOOKMARK [3][-]{subsubsection.4.3.1.1}{\376\377\0004\000.\0003\000.\0001\000.\0001\000\040\000C\000u\000r\000r\000e\000n\000t\000R\000a\000n\000g\000e\000\137\000e}{subsection.4.3.1}% 25
\BOOKMARK [2][-]{subsection.4.3.2}{\376\377\0004\000.\0003\000.\0002\000\040\000F\000u\000n\000c\000t\000i\000o\000n\000\040\000D\000o\000c\000u\000m\000e\000n\000t\000a\000t\000i\000o\000n}{section.4.3}% 26
\BOOKMARK [3][-]{subsubsection.4.3.2.1}{\376\377\0004\000.\0003\000.\0002\000.\0001\000\040\000G\000e\000t\000C\000u\000r\000r\000e\000n\000t\000\050\000\051}{subsection.4.3.2}% 27
\BOOKMARK [3][-]{subsubsection.4.3.2.2}{\376\377\0004\000.\0003\000.\0002\000.\0002\000\040\000G\000e\000t\000C\000u\000r\000r\000e\000n\000t\000R\000a\000n\000g\000e\000\050\000\051}{subsection.4.3.2}% 28
\BOOKMARK [1][-]{section.4.4}{\376\377\0004\000.\0004\000\040\000c\000u\000r\000r\000e\000n\000t\000\137\000h\000a\000n\000d\000l\000e\000r\000.\000h}{chapter.4}% 29
\BOOKMARK [1][-]{section.4.5}{\376\377\0004\000.\0005\000\040\000C\000:\000/\000U\000s\000e\000r\000s\000/\000a\000g\000r\000e\000e\000n\000/\000D\000o\000c\000u\000m\000e\000n\000t\000s\000/\000P\000r\000o\000j\000e\000c\000t\000s\000/\000A\000v\000e\000o\000/\000C\000H\000-\0005\0003\000K\000\137\000L\000E\000D\000\137\000C\000o\000n\000t\000r\000o\000l\000l\000e\000r\000/\000C\000o\000r\000e\000/\000I\000n\000c\000/\000d\000e\000l\000a\000y\000\137\000h\000a\000n\000d\000l\000e\000r\000.\000h\000\040\000F\000i\000l\000e\000\040\000R\000e\000f\000e\000r\000e\000n\000c\000e}{chapter.4}% 30
\BOOKMARK [2][-]{subsection.4.5.1}{\376\377\0004\000.\0005\000.\0001\000\040\000F\000u\000n\000c\000t\000i\000o\000n\000\040\000D\000o\000c\000u\000m\000e\000n\000t\000a\000t\000i\000o\000n}{section.4.5}% 31
\BOOKMARK [3][-]{subsubsection.4.5.1.1}{\376\377\0004\000.\0005\000.\0001\000.\0001\000\040\000B\000r\000i\000g\000h\000t\000n\000e\000s\000s\000D\000e\000l\000a\000y\000\050\000\051}{subsection.4.5.1}% 32
\BOOKMARK [3][-]{subsubsection.4.5.1.2}{\376\377\0004\000.\0005\000.\0001\000.\0002\000\040\000D\000e\000l\000a\000y\000H\000i\000t\000\050\000\051}{subsection.4.5.1}% 33
\BOOKMARK [3][-]{subsubsection.4.5.1.3}{\376\377\0004\000.\0005\000.\0001\000.\0003\000\040\000R\000e\000s\000t\000a\000r\000t\000D\000e\000l\000a\000y\000C\000o\000u\000n\000t\000e\000r\000\050\000\051}{subsection.4.5.1}% 34
\BOOKMARK [3][-]{subsubsection.4.5.1.4}{\376\377\0004\000.\0005\000.\0001\000.\0004\000\040\000S\000t\000a\000r\000t\000D\000e\000l\000a\000y\000C\000o\000u\000n\000t\000e\000r\000\050\000\051}{subsection.4.5.1}% 35
\BOOKMARK [1][-]{section.4.6}{\376\377\0004\000.\0006\000\040\000d\000e\000l\000a\000y\000\137\000h\000a\000n\000d\000l\000e\000r\000.\000h}{chapter.4}% 36
\BOOKMARK [1][-]{section.4.7}{\376\377\0004\000.\0007\000\040\000C\000:\000/\000U\000s\000e\000r\000s\000/\000a\000g\000r\000e\000e\000n\000/\000D\000o\000c\000u\000m\000e\000n\000t\000s\000/\000P\000r\000o\000j\000e\000c\000t\000s\000/\000A\000v\000e\000o\000/\000C\000H\000-\0005\0003\000K\000\137\000L\000E\000D\000\137\000C\000o\000n\000t\000r\000o\000l\000l\000e\000r\000/\000C\000o\000r\000e\000/\000I\000n\000c\000/\000f\000r\000a\000m\000.\000h\000\040\000F\000i\000l\000e\000\040\000R\000e\000f\000e\000r\000e\000n\000c\000e}{chapter.4}% 37
\BOOKMARK [2][-]{subsection.4.7.1}{\376\377\0004\000.\0007\000.\0001\000\040\000E\000n\000u\000m\000e\000r\000a\000t\000i\000o\000n\000\040\000T\000y\000p\000e\000\040\000D\000o\000c\000u\000m\000e\000n\000t\000a\000t\000i\000o\000n}{section.4.7}% 38
\BOOKMARK [3][-]{subsubsection.4.7.1.1}{\376\377\0004\000.\0007\000.\0001\000.\0001\000\040\000C\000H\000I\000P\000\137\000S\000E\000L\000E\000C\000T\000\137\000S\000T\000A\000T\000E}{subsection.4.7.1}% 39
\BOOKMARK [3][-]{subsubsection.4.7.1.2}{\376\377\0004\000.\0007\000.\0001\000.\0002\000\040\000O\000P\000C\000O\000D\000E\000\137\000C\000O\000M\000M\000A\000N\000D\000S}{subsection.4.7.1}% 40
\BOOKMARK [3][-]{subsubsection.4.7.1.3}{\376\377\0004\000.\0007\000.\0001\000.\0003\000\040\000S\000T\000A\000T\000U\000S\000\137\000R\000E\000G\000I\000S\000T\000E\000R}{subsection.4.7.1}% 41
\BOOKMARK [3][-]{subsubsection.4.7.1.4}{\376\377\0004\000.\0007\000.\0001\000.\0004\000\040\000W\000R\000I\000T\000E\000\137\000P\000R\000O\000T\000E\000C\000T\000\137\000S\000T\000A\000T\000E}{subsection.4.7.1}% 42
\BOOKMARK [2][-]{subsection.4.7.2}{\376\377\0004\000.\0007\000.\0002\000\040\000F\000u\000n\000c\000t\000i\000o\000n\000\040\000D\000o\000c\000u\000m\000e\000n\000t\000a\000t\000i\000o\000n}{section.4.7}% 43
\BOOKMARK [3][-]{subsubsection.4.7.2.1}{\376\377\0004\000.\0007\000.\0002\000.\0001\000\040\000f\000r\000a\000m\000C\000h\000i\000p\000S\000e\000l\000e\000c\000t\000\050\000\051}{subsection.4.7.2}% 44
\BOOKMARK [3][-]{subsubsection.4.7.2.2}{\376\377\0004\000.\0007\000.\0002\000.\0002\000\040\000f\000r\000a\000m\000R\000e\000a\000d\000M\000e\000m\000o\000r\000y\000\050\000\051}{subsection.4.7.2}% 45
\BOOKMARK [3][-]{subsubsection.4.7.2.3}{\376\377\0004\000.\0007\000.\0002\000.\0003\000\040\000f\000r\000a\000m\000R\000e\000a\000d\000S\000r\000\050\000\051}{subsection.4.7.2}% 46
\BOOKMARK [3][-]{subsubsection.4.7.2.4}{\376\377\0004\000.\0007\000.\0002\000.\0004\000\040\000f\000r\000a\000m\000T\000e\000s\000t\000\050\000\051}{subsection.4.7.2}% 47
\BOOKMARK [3][-]{subsubsection.4.7.2.5}{\376\377\0004\000.\0007\000.\0002\000.\0005\000\040\000f\000r\000a\000m\000W\000r\000i\000t\000e\000D\000i\000s\000a\000b\000l\000e\000\050\000\051}{subsection.4.7.2}% 48
\BOOKMARK [3][-]{subsubsection.4.7.2.6}{\376\377\0004\000.\0007\000.\0002\000.\0006\000\040\000f\000r\000a\000m\000W\000r\000i\000t\000e\000E\000n\000a\000b\000l\000e\000\050\000\051}{subsection.4.7.2}% 49
\BOOKMARK [3][-]{subsubsection.4.7.2.7}{\376\377\0004\000.\0007\000.\0002\000.\0007\000\040\000f\000r\000a\000m\000W\000r\000i\000t\000e\000M\000e\000m\000o\000r\000y\000\050\000\051}{subsection.4.7.2}% 50
\BOOKMARK [3][-]{subsubsection.4.7.2.8}{\376\377\0004\000.\0007\000.\0002\000.\0008\000\040\000f\000r\000a\000m\000W\000r\000i\000t\000e\000P\000r\000o\000t\000e\000c\000t\000\050\000\051}{subsection.4.7.2}% 51
\BOOKMARK [3][-]{subsubsection.4.7.2.9}{\376\377\0004\000.\0007\000.\0002\000.\0009\000\040\000f\000r\000a\000m\000W\000r\000i\000t\000e\000S\000r\000\050\000\051}{subsection.4.7.2}% 52
\BOOKMARK [1][-]{section.4.8}{\376\377\0004\000.\0008\000\040\000f\000r\000a\000m\000.\000h}{chapter.4}% 53
\BOOKMARK [1][-]{section.4.9}{\376\377\0004\000.\0009\000\040\000C\000:\000/\000U\000s\000e\000r\000s\000/\000a\000g\000r\000e\000e\000n\000/\000D\000o\000c\000u\000m\000e\000n\000t\000s\000/\000P\000r\000o\000j\000e\000c\000t\000s\000/\000A\000v\000e\000o\000/\000C\000H\000-\0005\0003\000K\000\137\000L\000E\000D\000\137\000C\000o\000n\000t\000r\000o\000l\000l\000e\000r\000/\000C\000o\000r\000e\000/\000I\000n\000c\000/\000l\000o\000g\000g\000e\000r\000.\000h\000\040\000F\000i\000l\000e\000\040\000R\000e\000f\000e\000r\000e\000n\000c\000e}{chapter.4}% 54
\BOOKMARK [2][-]{subsection.4.9.1}{\376\377\0004\000.\0009\000.\0001\000\040\000F\000u\000n\000c\000t\000i\000o\000n\000\040\000D\000o\000c\000u\000m\000e\000n\000t\000a\000t\000i\000o\000n}{section.4.9}% 55
\BOOKMARK [3][-]{subsubsection.4.9.1.1}{\376\377\0004\000.\0009\000.\0001\000.\0001\000\040\000L\000o\000g\000N\000u\000m\000b\000e\000r\000\050\000\051}{subsection.4.9.1}% 56
\BOOKMARK [3][-]{subsubsection.4.9.1.2}{\376\377\0004\000.\0009\000.\0001\000.\0002\000\040\000L\000o\000g\000S\000t\000r\000i\000n\000g\000\050\000\051}{subsection.4.9.1}% 57
\BOOKMARK [3][-]{subsubsection.4.9.1.3}{\376\377\0004\000.\0009\000.\0001\000.\0003\000\040\000R\000e\000a\000d\000L\000o\000g\000\050\000\051}{subsection.4.9.1}% 58
\BOOKMARK [1][-]{section.4.10}{\376\377\0004\000.\0001\0000\000\040\000l\000o\000g\000g\000e\000r\000.\000h}{chapter.4}% 59
\BOOKMARK [1][-]{section.4.11}{\376\377\0004\000.\0001\0001\000\040\000C\000:\000/\000U\000s\000e\000r\000s\000/\000a\000g\000r\000e\000e\000n\000/\000D\000o\000c\000u\000m\000e\000n\000t\000s\000/\000P\000r\000o\000j\000e\000c\000t\000s\000/\000A\000v\000e\000o\000/\000C\000H\000-\0005\0003\000K\000\137\000L\000E\000D\000\137\000C\000o\000n\000t\000r\000o\000l\000l\000e\000r\000/\000C\000o\000r\000e\000/\000I\000n\000c\000/\000m\000a\000i\000n\000.\000h\000\040\000F\000i\000l\000e\000\040\000R\000e\000f\000e\000r\000e\000n\000c\000e}{chapter.4}% 60
\BOOKMARK [2][-]{subsection.4.11.1}{\376\377\0004\000.\0001\0001\000.\0001\000\040\000D\000e\000t\000a\000i\000l\000e\000d\000\040\000D\000e\000s\000c\000r\000i\000p\000t\000i\000o\000n}{section.4.11}% 61
\BOOKMARK [2][-]{subsection.4.11.2}{\376\377\0004\000.\0001\0001\000.\0002\000\040\000F\000u\000n\000c\000t\000i\000o\000n\000\040\000D\000o\000c\000u\000m\000e\000n\000t\000a\000t\000i\000o\000n}{section.4.11}% 62
\BOOKMARK [3][-]{subsubsection.4.11.2.1}{\376\377\0004\000.\0001\0001\000.\0002\000.\0001\000\040\000E\000r\000r\000o\000r\000\137\000H\000a\000n\000d\000l\000e\000r\000\050\000\051}{subsection.4.11.2}% 63
\BOOKMARK [1][-]{section.4.12}{\376\377\0004\000.\0001\0002\000\040\000m\000a\000i\000n\000.\000h}{chapter.4}% 64
\BOOKMARK [1][-]{section.4.13}{\376\377\0004\000.\0001\0003\000\040\000C\000:\000/\000U\000s\000e\000r\000s\000/\000a\000g\000r\000e\000e\000n\000/\000D\000o\000c\000u\000m\000e\000n\000t\000s\000/\000P\000r\000o\000j\000e\000c\000t\000s\000/\000A\000v\000e\000o\000/\000C\000H\000-\0005\0003\000K\000\137\000L\000E\000D\000\137\000C\000o\000n\000t\000r\000o\000l\000l\000e\000r\000/\000C\000o\000r\000e\000/\000I\000n\000c\000/\000m\000y\000\137\000p\000r\000i\000n\000t\000f\000.\000h\000\040\000F\000i\000l\000e\000\040\000R\000e\000f\000e\000r\000e\000n\000c\000e}{chapter.4}% 65
\BOOKMARK [1][-]{section.4.14}{\376\377\0004\000.\0001\0004\000\040\000m\000y\000\137\000p\000r\000i\000n\000t\000f\000.\000h}{chapter.4}% 66
\BOOKMARK [1][-]{section.4.15}{\376\377\0004\000.\0001\0005\000\040\000C\000:\000/\000U\000s\000e\000r\000s\000/\000a\000g\000r\000e\000e\000n\000/\000D\000o\000c\000u\000m\000e\000n\000t\000s\000/\000P\000r\000o\000j\000e\000c\000t\000s\000/\000A\000v\000e\000o\000/\000C\000H\000-\0005\0003\000K\000\137\000L\000E\000D\000\137\000C\000o\000n\000t\000r\000o\000l\000l\000e\000r\000/\000C\000o\000r\000e\000/\000I\000n\000c\000/\000p\000w\000m\000\137\000h\000a\000n\000d\000l\000e\000r\000.\000h\000\040\000F\000i\000l\000e\000\040\000R\000e\000f\000e\000r\000e\000n\000c\000e}{chapter.4}% 67
\BOOKMARK [2][-]{subsection.4.15.1}{\376\377\0004\000.\0001\0005\000.\0001\000\040\000M\000a\000c\000r\000o\000\040\000D\000e\000f\000i\000n\000i\000t\000i\000o\000n\000\040\000D\000o\000c\000u\000m\000e\000n\000t\000a\000t\000i\000o\000n}{section.4.15}% 68
\BOOKMARK [3][-]{subsubsection.4.15.1.1}{\376\377\0004\000.\0001\0005\000.\0001\000.\0001\000\040\000B\000R\000I\000G\000H\000T\000N\000E\000S\000S\000\137\000S\000T\000E\000P\000S}{subsection.4.15.1}% 69
\BOOKMARK [3][-]{subsubsection.4.15.1.2}{\376\377\0004\000.\0001\0005\000.\0001\000.\0002\000\040\000H\000O\000L\000D\000\137\000B\000R\000I\000G\000H\000T\000N\000E\000S\000S\000\137\000J\000U\000M\000P}{subsection.4.15.1}% 70
\BOOKMARK [2][-]{subsection.4.15.2}{\376\377\0004\000.\0001\0005\000.\0002\000\040\000F\000u\000n\000c\000t\000i\000o\000n\000\040\000D\000o\000c\000u\000m\000e\000n\000t\000a\000t\000i\000o\000n}{section.4.15}% 71
\BOOKMARK [3][-]{subsubsection.4.15.2.1}{\376\377\0004\000.\0001\0005\000.\0002\000.\0001\000\040\000D\000e\000c\000r\000e\000a\000s\000e\000B\000r\000i\000g\000h\000t\000n\000e\000s\000s\000\050\000\051}{subsection.4.15.2}% 72
\BOOKMARK [3][-]{subsubsection.4.15.2.2}{\376\377\0004\000.\0001\0005\000.\0002\000.\0002\000\040\000G\000e\000t\000B\000r\000i\000g\000h\000t\000n\000e\000s\000s\000\050\000\051}{subsection.4.15.2}% 73
\BOOKMARK [3][-]{subsubsection.4.15.2.3}{\376\377\0004\000.\0001\0005\000.\0002\000.\0003\000\040\000G\000e\000t\000P\000w\000m\000\050\000\051}{subsection.4.15.2}% 74
\BOOKMARK [3][-]{subsubsection.4.15.2.4}{\376\377\0004\000.\0001\0005\000.\0002\000.\0004\000\040\000I\000n\000c\000r\000e\000a\000s\000e\000B\000r\000i\000g\000h\000t\000n\000e\000s\000s\000\050\000\051}{subsection.4.15.2}% 75
\BOOKMARK [3][-]{subsubsection.4.15.2.5}{\376\377\0004\000.\0001\0005\000.\0002\000.\0005\000\040\000I\000n\000i\000t\000P\000w\000m\000\050\000\051}{subsection.4.15.2}% 76
\BOOKMARK [3][-]{subsubsection.4.15.2.6}{\376\377\0004\000.\0001\0005\000.\0002\000.\0006\000\040\000S\000e\000t\000B\000r\000i\000g\000h\000t\000n\000e\000s\000s\000\050\000\051}{subsection.4.15.2}% 77
\BOOKMARK [3][-]{subsubsection.4.15.2.7}{\376\377\0004\000.\0001\0005\000.\0002\000.\0007\000\040\000S\000e\000t\000P\000w\000m\000\050\000\051}{subsection.4.15.2}% 78
\BOOKMARK [3][-]{subsubsection.4.15.2.8}{\376\377\0004\000.\0001\0005\000.\0002\000.\0008\000\040\000T\000u\000r\000n\000O\000f\000f\000P\000w\000m\000\050\000\051}{subsection.4.15.2}% 79
\BOOKMARK [1][-]{section.4.16}{\376\377\0004\000.\0001\0006\000\040\000p\000w\000m\000\137\000h\000a\000n\000d\000l\000e\000r\000.\000h}{chapter.4}% 80
\BOOKMARK [1][-]{section.4.17}{\376\377\0004\000.\0001\0007\000\040\000C\000:\000/\000U\000s\000e\000r\000s\000/\000a\000g\000r\000e\000e\000n\000/\000D\000o\000c\000u\000m\000e\000n\000t\000s\000/\000P\000r\000o\000j\000e\000c\000t\000s\000/\000A\000v\000e\000o\000/\000C\000H\000-\0005\0003\000K\000\137\000L\000E\000D\000\137\000C\000o\000n\000t\000r\000o\000l\000l\000e\000r\000/\000C\000o\000r\000e\000/\000I\000n\000c\000/\000s\000t\000m\0003\0002\000l\0004\0001\0002\000x\000x\000-\000b\000s\000p\000.\000h\000\040\000F\000i\000l\000e\000\040\000R\000e\000f\000e\000r\000e\000n\000c\000e}{chapter.4}% 81
\BOOKMARK [2][-]{subsection.4.17.1}{\376\377\0004\000.\0001\0007\000.\0001\000\040\000M\000a\000c\000r\000o\000\040\000D\000e\000f\000i\000n\000i\000t\000i\000o\000n\000\040\000D\000o\000c\000u\000m\000e\000n\000t\000a\000t\000i\000o\000n}{section.4.17}% 82
\BOOKMARK [3][-]{subsubsection.4.17.1.1}{\376\377\0004\000.\0001\0007\000.\0001\000.\0001\000\040\000A\000M\000P\000M\000E\000T\000E\000R\000\137\000A\000D\000C\000\137\000G\000P\000I\000O\000\137\000P\000o\000r\000t}{subsection.4.17.1}% 83
\BOOKMARK [3][-]{subsubsection.4.17.1.2}{\376\377\0004\000.\0001\0007\000.\0001\000.\0002\000\040\000A\000M\000P\000M\000E\000T\000E\000R\000\137\000A\000D\000C\000\137\000P\000i\000n}{subsection.4.17.1}% 84
\BOOKMARK [3][-]{subsubsection.4.17.1.3}{\376\377\0004\000.\0001\0007\000.\0001\000.\0003\000\040\000B\000O\000O\000T\0000\000\137\000G\000P\000I\000O\000\137\000P\000o\000r\000t}{subsection.4.17.1}% 85
\BOOKMARK [3][-]{subsubsection.4.17.1.4}{\376\377\0004\000.\0001\0007\000.\0001\000.\0004\000\040\000B\000O\000O\000T\0000\000\137\000P\000i\000n}{subsection.4.17.1}% 86
\BOOKMARK [3][-]{subsubsection.4.17.1.5}{\376\377\0004\000.\0001\0007\000.\0001\000.\0005\000\040\000B\000R\000I\000G\000H\000T\000\137\000G\000P\000I\000O\000\137\000P\000o\000r\000t}{subsection.4.17.1}% 87
\BOOKMARK [3][-]{subsubsection.4.17.1.6}{\376\377\0004\000.\0001\0007\000.\0001\000.\0006\000\040\000B\000R\000I\000G\000H\000T\000\137\000P\000i\000n}{subsection.4.17.1}% 88
\BOOKMARK [3][-]{subsubsection.4.17.1.7}{\376\377\0004\000.\0001\0007\000.\0001\000.\0007\000\040\000B\000U\000T\000T\000O\000N\000\137\000P\000R\000E\000S\000S\000E\000D}{subsection.4.17.1}% 89
\BOOKMARK [3][-]{subsubsection.4.17.1.8}{\376\377\0004\000.\0001\0007\000.\0001\000.\0008\000\040\000B\000U\000T\000T\000O\000N\000\137\000U\000N\000P\000R\000E\000S\000S\000E\000D}{subsection.4.17.1}% 90
\BOOKMARK [3][-]{subsubsection.4.17.1.9}{\376\377\0004\000.\0001\0007\000.\0001\000.\0009\000\040\000C\000L\000K\000\137\000F\000R\000E\000Q\000\137\000H\000Z}{subsection.4.17.1}% 91
\BOOKMARK [3][-]{subsubsection.4.17.1.10}{\376\377\0004\000.\0001\0007\000.\0001\000.\0001\0000\000\040\000D\000I\000M\000\137\000G\000P\000I\000O\000\137\000P\000o\000r\000t}{subsection.4.17.1}% 92
\BOOKMARK [3][-]{subsubsection.4.17.1.11}{\376\377\0004\000.\0001\0007\000.\0001\000.\0001\0001\000\040\000D\000I\000M\000\137\000P\000i\000n}{subsection.4.17.1}% 93
\BOOKMARK [3][-]{subsubsection.4.17.1.12}{\376\377\0004\000.\0001\0007\000.\0001\000.\0001\0002\000\040\000E\000E\000P\000R\000O\000M\000\137\000M\000I\000S\000O\000\137\000G\000P\000I\000O\000\137\000P\000o\000r\000t}{subsection.4.17.1}% 94
\BOOKMARK [3][-]{subsubsection.4.17.1.13}{\376\377\0004\000.\0001\0007\000.\0001\000.\0001\0003\000\040\000E\000E\000P\000R\000O\000M\000\137\000M\000I\000S\000O\000\137\000P\000i\000n}{subsection.4.17.1}% 95
\BOOKMARK [3][-]{subsubsection.4.17.1.14}{\376\377\0004\000.\0001\0007\000.\0001\000.\0001\0004\000\040\000E\000E\000P\000R\000O\000M\000\137\000M\000O\000S\000I\000\137\000G\000P\000I\000O\000\137\000P\000o\000r\000t}{subsection.4.17.1}% 96
\BOOKMARK [3][-]{subsubsection.4.17.1.15}{\376\377\0004\000.\0001\0007\000.\0001\000.\0001\0005\000\040\000E\000E\000P\000R\000O\000M\000\137\000M\000O\000S\000I\000\137\000P\000i\000n}{subsection.4.17.1}% 97
\BOOKMARK [3][-]{subsubsection.4.17.1.16}{\376\377\0004\000.\0001\0007\000.\0001\000.\0001\0006\000\040\000E\000E\000P\000R\000O\000M\000\137\000S\000C\000K\000\137\000G\000P\000I\000O\000\137\000P\000o\000r\000t}{subsection.4.17.1}% 98
\BOOKMARK [3][-]{subsubsection.4.17.1.17}{\376\377\0004\000.\0001\0007\000.\0001\000.\0001\0007\000\040\000E\000E\000P\000R\000O\000M\000\137\000S\000C\000K\000\137\000P\000i\000n}{subsection.4.17.1}% 99
\BOOKMARK [3][-]{subsubsection.4.17.1.18}{\376\377\0004\000.\0001\0007\000.\0001\000.\0001\0008\000\040\000P\000W\000M\000\137\000O\000U\000T\000\137\000G\000P\000I\000O\000\137\000P\000o\000r\000t}{subsection.4.17.1}% 100
\BOOKMARK [3][-]{subsubsection.4.17.1.19}{\376\377\0004\000.\0001\0007\000.\0001\000.\0001\0009\000\040\000P\000W\000M\000\137\000O\000U\000T\000\137\000P\000i\000n}{subsection.4.17.1}% 101
\BOOKMARK [3][-]{subsubsection.4.17.1.20}{\376\377\0004\000.\0001\0007\000.\0001\000.\0002\0000\000\040\000S\000P\000I\000\137\000N\000S\000S\000\137\000G\000P\000I\000O\000\137\000P\000o\000r\000t}{subsection.4.17.1}% 102
\BOOKMARK [3][-]{subsubsection.4.17.1.21}{\376\377\0004\000.\0001\0007\000.\0001\000.\0002\0001\000\040\000S\000P\000I\000\137\000N\000S\000S\000\137\000P\000i\000n}{subsection.4.17.1}% 103
\BOOKMARK [3][-]{subsubsection.4.17.1.22}{\376\377\0004\000.\0001\0007\000.\0001\000.\0002\0002\000\040\000S\000P\000I\000\137\000W\000P\000\137\000G\000P\000I\000O\000\137\000P\000o\000r\000t}{subsection.4.17.1}% 104
\BOOKMARK [3][-]{subsubsection.4.17.1.23}{\376\377\0004\000.\0001\0007\000.\0001\000.\0002\0003\000\040\000S\000P\000I\000\137\000W\000P\000\137\000P\000i\000n}{subsection.4.17.1}% 105
\BOOKMARK [3][-]{subsubsection.4.17.1.24}{\376\377\0004\000.\0001\0007\000.\0001\000.\0002\0004\000\040\000S\000W\000C\000L\000K\000\137\000G\000P\000I\000O\000\137\000P\000o\000r\000t}{subsection.4.17.1}% 106
\BOOKMARK [3][-]{subsubsection.4.17.1.25}{\376\377\0004\000.\0001\0007\000.\0001\000.\0002\0005\000\040\000S\000W\000C\000L\000K\000\137\000P\000i\000n}{subsection.4.17.1}% 107
\BOOKMARK [3][-]{subsubsection.4.17.1.26}{\376\377\0004\000.\0001\0007\000.\0001\000.\0002\0006\000\040\000S\000W\000D\000I\000O\000\137\000G\000P\000I\000O\000\137\000P\000o\000r\000t}{subsection.4.17.1}% 108
\BOOKMARK [3][-]{subsubsection.4.17.1.27}{\376\377\0004\000.\0001\0007\000.\0001\000.\0002\0007\000\040\000S\000W\000D\000I\000O\000\137\000P\000i\000n}{subsection.4.17.1}% 109
\BOOKMARK [3][-]{subsubsection.4.17.1.28}{\376\377\0004\000.\0001\0007\000.\0001\000.\0002\0008\000\040\000T\000H\000E\000R\000M\000I\000S\000T\000O\000R\000\137\000A\000D\000C\000\137\000G\000P\000I\000O\000\137\000P\000o\000r\000t}{subsection.4.17.1}% 110
\BOOKMARK [3][-]{subsubsection.4.17.1.29}{\376\377\0004\000.\0001\0007\000.\0001\000.\0002\0009\000\040\000T\000H\000E\000R\000M\000I\000S\000T\000O\000R\000\137\000A\000D\000C\000\137\000P\000i\000n}{subsection.4.17.1}% 111
\BOOKMARK [3][-]{subsubsection.4.17.1.30}{\376\377\0004\000.\0001\0007\000.\0001\000.\0003\0000\000\040\000T\000I\000M\0002\000\137\000C\000L\000K\000\137\000D\000E\000V}{subsection.4.17.1}% 112
\BOOKMARK [3][-]{subsubsection.4.17.1.31}{\376\377\0004\000.\0001\0007\000.\0001\000.\0003\0001\000\040\000T\000I\000M\0002\000\137\000C\000L\000K\000\137\000P\000R\000E\000S\000C\000A\000L\000E\000R}{subsection.4.17.1}% 113
\BOOKMARK [3][-]{subsubsection.4.17.1.32}{\376\377\0004\000.\0001\0007\000.\0001\000.\0003\0002\000\040\000U\000S\000B\000\137\000R\000E\000N\000U\000M\000\137\000N\000\137\000G\000P\000I\000O\000\137\000P\000o\000r\000t}{subsection.4.17.1}% 114
\BOOKMARK [3][-]{subsubsection.4.17.1.33}{\376\377\0004\000.\0001\0007\000.\0001\000.\0003\0003\000\040\000U\000S\000B\000\137\000R\000E\000N\000U\000M\000\137\000N\000\137\000P\000i\000n}{subsection.4.17.1}% 115
\BOOKMARK [3][-]{subsubsection.4.17.1.34}{\376\377\0004\000.\0001\0007\000.\0001\000.\0003\0004\000\040\000V\000I\000S\000\137\000I\000R\000\137\000G\000P\000I\000O\000\137\000P\000o\000r\000t}{subsection.4.17.1}% 116
\BOOKMARK [3][-]{subsubsection.4.17.1.35}{\376\377\0004\000.\0001\0007\000.\0001\000.\0003\0005\000\040\000V\000I\000S\000\137\000I\000R\000\137\000P\000i\000n}{subsection.4.17.1}% 117
\BOOKMARK [3][-]{subsubsection.4.17.1.36}{\376\377\0004\000.\0001\0007\000.\0001\000.\0003\0006\000\040\000V\000O\000L\000T\000M\000E\000T\000E\000R\000\137\000A\000D\000C\000\137\000G\000P\000I\000O\000\137\000P\000o\000r\000t}{subsection.4.17.1}% 118
\BOOKMARK [3][-]{subsubsection.4.17.1.37}{\376\377\0004\000.\0001\0007\000.\0001\000.\0003\0007\000\040\000V\000O\000L\000T\000M\000E\000T\000E\000R\000\137\000A\000D\000C\000\137\000P\000i\000n}{subsection.4.17.1}% 119
\BOOKMARK [2][-]{subsection.4.17.2}{\376\377\0004\000.\0001\0007\000.\0002\000\040\000E\000n\000u\000m\000e\000r\000a\000t\000i\000o\000n\000\040\000T\000y\000p\000e\000\040\000D\000o\000c\000u\000m\000e\000n\000t\000a\000t\000i\000o\000n}{section.4.17}% 120
\BOOKMARK [3][-]{subsubsection.4.17.2.1}{\376\377\0004\000.\0001\0007\000.\0002\000.\0001\000\040\000a\000n\000o\000n\000y\000m\000o\000u\000s\000\040\000e\000n\000u\000m}{subsection.4.17.2}% 121
\BOOKMARK [3][-]{subsubsection.4.17.2.2}{\376\377\0004\000.\0001\0007\000.\0002\000.\0002\000\040\000G\000P\000I\000O\000\137\000P\000i\000n\000S\000t\000a\000t\000e}{subsection.4.17.2}% 122
\BOOKMARK [2][-]{subsection.4.17.3}{\376\377\0004\000.\0001\0007\000.\0003\000\040\000F\000u\000n\000c\000t\000i\000o\000n\000\040\000D\000o\000c\000u\000m\000e\000n\000t\000a\000t\000i\000o\000n}{section.4.17}% 123
\BOOKMARK [3][-]{subsubsection.4.17.3.1}{\376\377\0004\000.\0001\0007\000.\0003\000.\0001\000\040\000d\000i\000s\000a\000b\000l\000e\000C\000h\000i\000p\000S\000e\000l\000e\000c\000t\000\050\000\051}{subsection.4.17.3}% 124
\BOOKMARK [3][-]{subsubsection.4.17.3.2}{\376\377\0004\000.\0001\0007\000.\0003\000.\0002\000\040\000D\000i\000s\000a\000b\000l\000e\000P\000W\000M\0001\000\050\000\051}{subsection.4.17.3}% 125
\BOOKMARK [3][-]{subsubsection.4.17.3.3}{\376\377\0004\000.\0001\0007\000.\0003\000.\0003\000\040\000d\000i\000s\000a\000b\000l\000e\000W\000r\000i\000t\000e\000P\000r\000o\000t\000e\000c\000t\000\050\000\051}{subsection.4.17.3}% 126
\BOOKMARK [3][-]{subsubsection.4.17.3.4}{\376\377\0004\000.\0001\0007\000.\0003\000.\0004\000\040\000e\000n\000a\000b\000l\000e\000C\000h\000i\000p\000S\000e\000l\000e\000c\000t\000\050\000\051}{subsection.4.17.3}% 127
\BOOKMARK [3][-]{subsubsection.4.17.3.5}{\376\377\0004\000.\0001\0007\000.\0003\000.\0005\000\040\000E\000n\000a\000b\000l\000e\000P\000W\000M\0001\000\050\000\051}{subsection.4.17.3}% 128
\BOOKMARK [3][-]{subsubsection.4.17.3.6}{\376\377\0004\000.\0001\0007\000.\0003\000.\0006\000\040\000e\000n\000a\000b\000l\000e\000W\000r\000i\000t\000e\000P\000r\000o\000t\000e\000c\000t\000\050\000\051}{subsection.4.17.3}% 129
\BOOKMARK [3][-]{subsubsection.4.17.3.7}{\376\377\0004\000.\0001\0007\000.\0003\000.\0007\000\040\000G\000e\000t\000C\000u\000r\000r\000e\000n\000t\000V\000a\000l\000u\000e\000\050\000\051}{subsection.4.17.3}% 130
\BOOKMARK [3][-]{subsubsection.4.17.3.8}{\376\377\0004\000.\0001\0007\000.\0003\000.\0008\000\040\000G\000e\000t\000T\000h\000e\000r\000m\000i\000s\000t\000o\000r\000V\000a\000l\000u\000e\000\050\000\051}{subsection.4.17.3}% 131
\BOOKMARK [3][-]{subsubsection.4.17.3.9}{\376\377\0004\000.\0001\0007\000.\0003\000.\0009\000\040\000G\000e\000t\000T\000I\000M\0002\000C\000n\000t\000\050\000\051}{subsection.4.17.3}% 132
\BOOKMARK [3][-]{subsubsection.4.17.3.10}{\376\377\0004\000.\0001\0007\000.\0003\000.\0001\0000\000\040\000G\000e\000t\000V\000o\000l\000t\000a\000g\000e\000V\000a\000l\000u\000e\000\050\000\051}{subsection.4.17.3}% 133
\BOOKMARK [3][-]{subsubsection.4.17.3.11}{\376\377\0004\000.\0001\0007\000.\0003\000.\0001\0001\000\040\000R\000e\000a\000d\000B\000r\000i\000g\000h\000t\000P\000i\000n\000\050\000\051}{subsection.4.17.3}% 134
\BOOKMARK [3][-]{subsubsection.4.17.3.12}{\376\377\0004\000.\0001\0007\000.\0003\000.\0001\0002\000\040\000R\000e\000a\000d\000D\000i\000m\000P\000i\000n\000\050\000\051}{subsection.4.17.3}% 135
\BOOKMARK [3][-]{subsubsection.4.17.3.13}{\376\377\0004\000.\0001\0007\000.\0003\000.\0001\0003\000\040\000R\000e\000a\000d\000T\000o\000g\000g\000l\000e\000P\000i\000n\000\050\000\051}{subsection.4.17.3}% 136
\BOOKMARK [3][-]{subsubsection.4.17.3.14}{\376\377\0004\000.\0001\0007\000.\0003\000.\0001\0004\000\040\000r\000e\000c\000e\000i\000v\000e\000D\000a\000t\000a\000\050\000\051}{subsection.4.17.3}% 137
\BOOKMARK [3][-]{subsubsection.4.17.3.15}{\376\377\0004\000.\0001\0007\000.\0003\000.\0001\0005\000\040\000R\000e\000s\000t\000a\000r\000t\000T\000I\000M\0002\000\050\000\051}{subsection.4.17.3}% 138
\BOOKMARK [3][-]{subsubsection.4.17.3.16}{\376\377\0004\000.\0001\0007\000.\0003\000.\0001\0006\000\040\000s\000e\000n\000d\000U\000A\000R\000T\000C\000h\000a\000r\000\050\000\051}{subsection.4.17.3}% 139
\BOOKMARK [3][-]{subsubsection.4.17.3.17}{\376\377\0004\000.\0001\0007\000.\0003\000.\0001\0007\000\040\000S\000e\000t\000P\000W\0001\0001\000\050\000\051}{subsection.4.17.3}% 140
\BOOKMARK [3][-]{subsubsection.4.17.3.18}{\376\377\0004\000.\0001\0007\000.\0003\000.\0001\0008\000\040\000S\000t\000a\000r\000t\000P\000W\000M\0001\0001\000\050\000\051}{subsection.4.17.3}% 141
\BOOKMARK [3][-]{subsubsection.4.17.3.19}{\376\377\0004\000.\0001\0007\000.\0003\000.\0001\0009\000\040\000S\000t\000a\000r\000t\000T\000I\000M\0002\000\050\000\051}{subsection.4.17.3}% 142
\BOOKMARK [3][-]{subsubsection.4.17.3.20}{\376\377\0004\000.\0001\0007\000.\0003\000.\0002\0000\000\040\000S\000t\000o\000p\000P\000W\000M\0001\0001\000\050\000\051}{subsection.4.17.3}% 143
\BOOKMARK [3][-]{subsubsection.4.17.3.21}{\376\377\0004\000.\0001\0007\000.\0003\000.\0002\0001\000\040\000t\000r\000a\000n\000s\000f\000e\000r\000D\000a\000t\000a\000\050\000\051}{subsection.4.17.3}% 144
\BOOKMARK [1][-]{section.4.18}{\376\377\0004\000.\0001\0008\000\040\000s\000t\000m\0003\0002\000l\0004\0001\0002\000x\000x\000-\000b\000s\000p\000.\000h}{chapter.4}% 145
\BOOKMARK [1][-]{section.4.19}{\376\377\0004\000.\0001\0009\000\040\000C\000:\000/\000U\000s\000e\000r\000s\000/\000a\000g\000r\000e\000e\000n\000/\000D\000o\000c\000u\000m\000e\000n\000t\000s\000/\000P\000r\000o\000j\000e\000c\000t\000s\000/\000A\000v\000e\000o\000/\000C\000H\000-\0005\0003\000K\000\137\000L\000E\000D\000\137\000C\000o\000n\000t\000r\000o\000l\000l\000e\000r\000/\000C\000o\000r\000e\000/\000I\000n\000c\000/\000s\000t\000m\0003\0002\000l\0004\000x\000x\000\137\000h\000a\000l\000\137\000c\000o\000n\000f\000.\000h\000\040\000F\000i\000l\000e\000\040\000R\000e\000f\000e\000r\000e\000n\000c\000e}{chapter.4}% 146
\BOOKMARK [2][-]{subsection.4.19.1}{\376\377\0004\000.\0001\0009\000.\0001\000\040\000D\000e\000t\000a\000i\000l\000e\000d\000\040\000D\000e\000s\000c\000r\000i\000p\000t\000i\000o\000n}{section.4.19}% 147
\BOOKMARK [2][-]{subsection.4.19.2}{\376\377\0004\000.\0001\0009\000.\0002\000\040\000M\000a\000c\000r\000o\000\040\000D\000e\000f\000i\000n\000i\000t\000i\000o\000n\000\040\000D\000o\000c\000u\000m\000e\000n\000t\000a\000t\000i\000o\000n}{section.4.19}% 148
\BOOKMARK [3][-]{subsubsection.4.19.2.1}{\376\377\0004\000.\0001\0009\000.\0002\000.\0001\000\040\000a\000s\000s\000e\000r\000t\000\137\000p\000a\000r\000a\000m}{subsection.4.19.2}% 149
\BOOKMARK [3][-]{subsubsection.4.19.2.2}{\376\377\0004\000.\0001\0009\000.\0002\000.\0002\000\040\000D\000A\000T\000A\000\137\000C\000A\000C\000H\000E\000\137\000E\000N\000A\000B\000L\000E}{subsection.4.19.2}% 150
\BOOKMARK [3][-]{subsubsection.4.19.2.3}{\376\377\0004\000.\0001\0009\000.\0002\000.\0003\000\040\000E\000X\000T\000E\000R\000N\000A\000L\000\137\000S\000A\000I\0001\000\137\000C\000L\000O\000C\000K\000\137\000V\000A\000L\000U\000E}{subsection.4.19.2}% 151
\BOOKMARK [3][-]{subsubsection.4.19.2.4}{\376\377\0004\000.\0001\0009\000.\0002\000.\0004\000\040\000E\000X\000T\000E\000R\000N\000A\000L\000\137\000S\000A\000I\0002\000\137\000C\000L\000O\000C\000K\000\137\000V\000A\000L\000U\000E}{subsection.4.19.2}% 152
\BOOKMARK [3][-]{subsubsection.4.19.2.5}{\376\377\0004\000.\0001\0009\000.\0002\000.\0005\000\040\000H\000A\000L\000\137\000C\000O\000R\000T\000E\000X\000\137\000M\000O\000D\000U\000L\000E\000\137\000E\000N\000A\000B\000L\000E\000D}{subsection.4.19.2}% 153
\BOOKMARK [3][-]{subsubsection.4.19.2.6}{\376\377\0004\000.\0001\0009\000.\0002\000.\0006\000\040\000H\000A\000L\000\137\000D\000M\000A\000\137\000M\000O\000D\000U\000L\000E\000\137\000E\000N\000A\000B\000L\000E\000D}{subsection.4.19.2}% 154
\BOOKMARK [3][-]{subsubsection.4.19.2.7}{\376\377\0004\000.\0001\0009\000.\0002\000.\0007\000\040\000H\000A\000L\000\137\000E\000X\000T\000I\000\137\000M\000O\000D\000U\000L\000E\000\137\000E\000N\000A\000B\000L\000E\000D}{subsection.4.19.2}% 155
\BOOKMARK [3][-]{subsubsection.4.19.2.8}{\376\377\0004\000.\0001\0009\000.\0002\000.\0008\000\040\000H\000A\000L\000\137\000F\000L\000A\000S\000H\000\137\000M\000O\000D\000U\000L\000E\000\137\000E\000N\000A\000B\000L\000E\000D}{subsection.4.19.2}% 156
\BOOKMARK [3][-]{subsubsection.4.19.2.9}{\376\377\0004\000.\0001\0009\000.\0002\000.\0009\000\040\000H\000A\000L\000\137\000G\000P\000I\000O\000\137\000M\000O\000D\000U\000L\000E\000\137\000E\000N\000A\000B\000L\000E\000D}{subsection.4.19.2}% 157
\BOOKMARK [3][-]{subsubsection.4.19.2.10}{\376\377\0004\000.\0001\0009\000.\0002\000.\0001\0000\000\040\000H\000A\000L\000\137\000M\000O\000D\000U\000L\000E\000\137\000E\000N\000A\000B\000L\000E\000D}{subsection.4.19.2}% 158
\BOOKMARK [3][-]{subsubsection.4.19.2.11}{\376\377\0004\000.\0001\0009\000.\0002\000.\0001\0001\000\040\000H\000A\000L\000\137\000P\000C\000D\000\137\000M\000O\000D\000U\000L\000E\000\137\000E\000N\000A\000B\000L\000E\000D}{subsection.4.19.2}% 159
\BOOKMARK [3][-]{subsubsection.4.19.2.12}{\376\377\0004\000.\0001\0009\000.\0002\000.\0001\0002\000\040\000H\000A\000L\000\137\000P\000W\000R\000\137\000M\000O\000D\000U\000L\000E\000\137\000E\000N\000A\000B\000L\000E\000D}{subsection.4.19.2}% 160
\BOOKMARK [3][-]{subsubsection.4.19.2.13}{\376\377\0004\000.\0001\0009\000.\0002\000.\0001\0003\000\040\000H\000A\000L\000\137\000R\000C\000C\000\137\000M\000O\000D\000U\000L\000E\000\137\000E\000N\000A\000B\000L\000E\000D}{subsection.4.19.2}% 161
\BOOKMARK [3][-]{subsubsection.4.19.2.14}{\376\377\0004\000.\0001\0009\000.\0002\000.\0001\0004\000\040\000H\000S\000E\000\137\000S\000T\000A\000R\000T\000U\000P\000\137\000T\000I\000M\000E\000O\000U\000T}{subsection.4.19.2}% 162
\BOOKMARK [3][-]{subsubsection.4.19.2.15}{\376\377\0004\000.\0001\0009\000.\0002\000.\0001\0005\000\040\000H\000S\000E\000\137\000V\000A\000L\000U\000E}{subsection.4.19.2}% 163
\BOOKMARK [3][-]{subsubsection.4.19.2.16}{\376\377\0004\000.\0001\0009\000.\0002\000.\0001\0006\000\040\000H\000S\000I\0004\0008\000\137\000V\000A\000L\000U\000E}{subsection.4.19.2}% 164
\BOOKMARK [3][-]{subsubsection.4.19.2.17}{\376\377\0004\000.\0001\0009\000.\0002\000.\0001\0007\000\040\000H\000S\000I\000\137\000V\000A\000L\000U\000E}{subsection.4.19.2}% 165
\BOOKMARK [3][-]{subsubsection.4.19.2.18}{\376\377\0004\000.\0001\0009\000.\0002\000.\0001\0008\000\040\000I\000N\000S\000T\000R\000U\000C\000T\000I\000O\000N\000\137\000C\000A\000C\000H\000E\000\137\000E\000N\000A\000B\000L\000E}{subsection.4.19.2}% 166
\BOOKMARK [3][-]{subsubsection.4.19.2.19}{\376\377\0004\000.\0001\0009\000.\0002\000.\0001\0009\000\040\000L\000S\000E\000\137\000S\000T\000A\000R\000T\000U\000P\000\137\000T\000I\000M\000E\000O\000U\000T}{subsection.4.19.2}% 167
\BOOKMARK [3][-]{subsubsection.4.19.2.20}{\376\377\0004\000.\0001\0009\000.\0002\000.\0002\0000\000\040\000L\000S\000E\000\137\000V\000A\000L\000U\000E}{subsection.4.19.2}% 168
\BOOKMARK [3][-]{subsubsection.4.19.2.21}{\376\377\0004\000.\0001\0009\000.\0002\000.\0002\0001\000\040\000L\000S\000I\000\137\000V\000A\000L\000U\000E}{subsection.4.19.2}% 169
\BOOKMARK [3][-]{subsubsection.4.19.2.22}{\376\377\0004\000.\0001\0009\000.\0002\000.\0002\0002\000\040\000M\000S\000I\000\137\000V\000A\000L\000U\000E}{subsection.4.19.2}% 170
\BOOKMARK [3][-]{subsubsection.4.19.2.23}{\376\377\0004\000.\0001\0009\000.\0002\000.\0002\0003\000\040\000P\000R\000E\000F\000E\000T\000C\000H\000\137\000E\000N\000A\000B\000L\000E}{subsection.4.19.2}% 171
\BOOKMARK [3][-]{subsubsection.4.19.2.24}{\376\377\0004\000.\0001\0009\000.\0002\000.\0002\0004\000\040\000T\000I\000C\000K\000\137\000I\000N\000T\000\137\000P\000R\000I\000O\000R\000I\000T\000Y}{subsection.4.19.2}% 172
\BOOKMARK [3][-]{subsubsection.4.19.2.25}{\376\377\0004\000.\0001\0009\000.\0002\000.\0002\0005\000\040\000U\000S\000E\000\137\000H\000A\000L\000\137\000A\000D\000C\000\137\000R\000E\000G\000I\000S\000T\000E\000R\000\137\000C\000A\000L\000L\000B\000A\000C\000K\000S}{subsection.4.19.2}% 173
\BOOKMARK [3][-]{subsubsection.4.19.2.26}{\376\377\0004\000.\0001\0009\000.\0002\000.\0002\0006\000\040\000U\000S\000E\000\137\000H\000A\000L\000\137\000C\000A\000N\000\137\000R\000E\000G\000I\000S\000T\000E\000R\000\137\000C\000A\000L\000L\000B\000A\000C\000K\000S}{subsection.4.19.2}% 174
\BOOKMARK [3][-]{subsubsection.4.19.2.27}{\376\377\0004\000.\0001\0009\000.\0002\000.\0002\0007\000\040\000U\000S\000E\000\137\000H\000A\000L\000\137\000C\000O\000M\000P\000\137\000R\000E\000G\000I\000S\000T\000E\000R\000\137\000C\000A\000L\000L\000B\000A\000C\000K\000S}{subsection.4.19.2}% 175
\BOOKMARK [3][-]{subsubsection.4.19.2.28}{\376\377\0004\000.\0001\0009\000.\0002\000.\0002\0008\000\040\000U\000S\000E\000\137\000H\000A\000L\000\137\000C\000R\000Y\000P\000\137\000R\000E\000G\000I\000S\000T\000E\000R\000\137\000C\000A\000L\000L\000B\000A\000C\000K\000S}{subsection.4.19.2}% 176
\BOOKMARK [3][-]{subsubsection.4.19.2.29}{\376\377\0004\000.\0001\0009\000.\0002\000.\0002\0009\000\040\000U\000S\000E\000\137\000H\000A\000L\000\137\000D\000A\000C\000\137\000R\000E\000G\000I\000S\000T\000E\000R\000\137\000C\000A\000L\000L\000B\000A\000C\000K\000S}{subsection.4.19.2}% 177
\BOOKMARK [3][-]{subsubsection.4.19.2.30}{\376\377\0004\000.\0001\0009\000.\0002\000.\0003\0000\000\040\000U\000S\000E\000\137\000H\000A\000L\000\137\000D\000C\000M\000I\000\137\000R\000E\000G\000I\000S\000T\000E\000R\000\137\000C\000A\000L\000L\000B\000A\000C\000K\000S}{subsection.4.19.2}% 178
\BOOKMARK [3][-]{subsubsection.4.19.2.31}{\376\377\0004\000.\0001\0009\000.\0002\000.\0003\0001\000\040\000U\000S\000E\000\137\000H\000A\000L\000\137\000D\000F\000S\000D\000M\000\137\000R\000E\000G\000I\000S\000T\000E\000R\000\137\000C\000A\000L\000L\000B\000A\000C\000K\000S}{subsection.4.19.2}% 179
\BOOKMARK [3][-]{subsubsection.4.19.2.32}{\376\377\0004\000.\0001\0009\000.\0002\000.\0003\0002\000\040\000U\000S\000E\000\137\000H\000A\000L\000\137\000D\000M\000A\0002\000D\000\137\000R\000E\000G\000I\000S\000T\000E\000R\000\137\000C\000A\000L\000L\000B\000A\000C\000K\000S}{subsection.4.19.2}% 180
\BOOKMARK [3][-]{subsubsection.4.19.2.33}{\376\377\0004\000.\0001\0009\000.\0002\000.\0003\0003\000\040\000U\000S\000E\000\137\000H\000A\000L\000\137\000D\000S\000I\000\137\000R\000E\000G\000I\000S\000T\000E\000R\000\137\000C\000A\000L\000L\000B\000A\000C\000K\000S}{subsection.4.19.2}% 181
\BOOKMARK [3][-]{subsubsection.4.19.2.34}{\376\377\0004\000.\0001\0009\000.\0002\000.\0003\0004\000\040\000U\000S\000E\000\137\000H\000A\000L\000\137\000G\000F\000X\000M\000M\000U\000\137\000R\000E\000G\000I\000S\000T\000E\000R\000\137\000C\000A\000L\000L\000B\000A\000C\000K\000S}{subsection.4.19.2}% 182
\BOOKMARK [3][-]{subsubsection.4.19.2.35}{\376\377\0004\000.\0001\0009\000.\0002\000.\0003\0005\000\040\000U\000S\000E\000\137\000H\000A\000L\000\137\000H\000A\000S\000H\000\137\000R\000E\000G\000I\000S\000T\000E\000R\000\137\000C\000A\000L\000L\000B\000A\000C\000K\000S}{subsection.4.19.2}% 183
\BOOKMARK [3][-]{subsubsection.4.19.2.36}{\376\377\0004\000.\0001\0009\000.\0002\000.\0003\0006\000\040\000U\000S\000E\000\137\000H\000A\000L\000\137\000H\000C\000D\000\137\000R\000E\000G\000I\000S\000T\000E\000R\000\137\000C\000A\000L\000L\000B\000A\000C\000K\000S}{subsection.4.19.2}% 184
\BOOKMARK [3][-]{subsubsection.4.19.2.37}{\376\377\0004\000.\0001\0009\000.\0002\000.\0003\0007\000\040\000U\000S\000E\000\137\000H\000A\000L\000\137\000I\0002\000C\000\137\000R\000E\000G\000I\000S\000T\000E\000R\000\137\000C\000A\000L\000L\000B\000A\000C\000K\000S}{subsection.4.19.2}% 185
\BOOKMARK [3][-]{subsubsection.4.19.2.38}{\376\377\0004\000.\0001\0009\000.\0002\000.\0003\0008\000\040\000U\000S\000E\000\137\000H\000A\000L\000\137\000I\000R\000D\000A\000\137\000R\000E\000G\000I\000S\000T\000E\000R\000\137\000C\000A\000L\000L\000B\000A\000C\000K\000S}{subsection.4.19.2}% 186
\BOOKMARK [3][-]{subsubsection.4.19.2.39}{\376\377\0004\000.\0001\0009\000.\0002\000.\0003\0009\000\040\000U\000S\000E\000\137\000H\000A\000L\000\137\000L\000P\000T\000I\000M\000\137\000R\000E\000G\000I\000S\000T\000E\000R\000\137\000C\000A\000L\000L\000B\000A\000C\000K\000S}{subsection.4.19.2}% 187
\BOOKMARK [3][-]{subsubsection.4.19.2.40}{\376\377\0004\000.\0001\0009\000.\0002\000.\0004\0000\000\040\000U\000S\000E\000\137\000H\000A\000L\000\137\000L\000T\000D\000C\000\137\000R\000E\000G\000I\000S\000T\000E\000R\000\137\000C\000A\000L\000L\000B\000A\000C\000K\000S}{subsection.4.19.2}% 188
\BOOKMARK [3][-]{subsubsection.4.19.2.41}{\376\377\0004\000.\0001\0009\000.\0002\000.\0004\0001\000\040\000U\000S\000E\000\137\000H\000A\000L\000\137\000M\000M\000C\000\137\000R\000E\000G\000I\000S\000T\000E\000R\000\137\000C\000A\000L\000L\000B\000A\000C\000K\000S}{subsection.4.19.2}% 189
\BOOKMARK [3][-]{subsubsection.4.19.2.42}{\376\377\0004\000.\0001\0009\000.\0002\000.\0004\0002\000\040\000U\000S\000E\000\137\000H\000A\000L\000\137\000O\000P\000A\000M\000P\000\137\000R\000E\000G\000I\000S\000T\000E\000R\000\137\000C\000A\000L\000L\000B\000A\000C\000K\000S}{subsection.4.19.2}% 190
\BOOKMARK [3][-]{subsubsection.4.19.2.43}{\376\377\0004\000.\0001\0009\000.\0002\000.\0004\0003\000\040\000U\000S\000E\000\137\000H\000A\000L\000\137\000O\000S\000P\000I\000\137\000R\000E\000G\000I\000S\000T\000E\000R\000\137\000C\000A\000L\000L\000B\000A\000C\000K\000S}{subsection.4.19.2}% 191
\BOOKMARK [3][-]{subsubsection.4.19.2.44}{\376\377\0004\000.\0001\0009\000.\0002\000.\0004\0004\000\040\000U\000S\000E\000\137\000H\000A\000L\000\137\000P\000C\000D\000\137\000R\000E\000G\000I\000S\000T\000E\000R\000\137\000C\000A\000L\000L\000B\000A\000C\000K\000S}{subsection.4.19.2}% 192
\BOOKMARK [3][-]{subsubsection.4.19.2.45}{\376\377\0004\000.\0001\0009\000.\0002\000.\0004\0005\000\040\000U\000S\000E\000\137\000H\000A\000L\000\137\000Q\000S\000P\000I\000\137\000R\000E\000G\000I\000S\000T\000E\000R\000\137\000C\000A\000L\000L\000B\000A\000C\000K\000S}{subsection.4.19.2}% 193
\BOOKMARK [3][-]{subsubsection.4.19.2.46}{\376\377\0004\000.\0001\0009\000.\0002\000.\0004\0006\000\040\000U\000S\000E\000\137\000H\000A\000L\000\137\000R\000N\000G\000\137\000R\000E\000G\000I\000S\000T\000E\000R\000\137\000C\000A\000L\000L\000B\000A\000C\000K\000S}{subsection.4.19.2}% 194
\BOOKMARK [3][-]{subsubsection.4.19.2.47}{\376\377\0004\000.\0001\0009\000.\0002\000.\0004\0007\000\040\000U\000S\000E\000\137\000H\000A\000L\000\137\000R\000T\000C\000\137\000R\000E\000G\000I\000S\000T\000E\000R\000\137\000C\000A\000L\000L\000B\000A\000C\000K\000S}{subsection.4.19.2}% 195
\BOOKMARK [3][-]{subsubsection.4.19.2.48}{\376\377\0004\000.\0001\0009\000.\0002\000.\0004\0008\000\040\000U\000S\000E\000\137\000H\000A\000L\000\137\000S\000A\000I\000\137\000R\000E\000G\000I\000S\000T\000E\000R\000\137\000C\000A\000L\000L\000B\000A\000C\000K\000S}{subsection.4.19.2}% 196
\BOOKMARK [3][-]{subsubsection.4.19.2.49}{\376\377\0004\000.\0001\0009\000.\0002\000.\0004\0009\000\040\000U\000S\000E\000\137\000H\000A\000L\000\137\000S\000D\000\137\000R\000E\000G\000I\000S\000T\000E\000R\000\137\000C\000A\000L\000L\000B\000A\000C\000K\000S}{subsection.4.19.2}% 197
\BOOKMARK [3][-]{subsubsection.4.19.2.50}{\376\377\0004\000.\0001\0009\000.\0002\000.\0005\0000\000\040\000U\000S\000E\000\137\000H\000A\000L\000\137\000S\000M\000A\000R\000T\000C\000A\000R\000D\000\137\000R\000E\000G\000I\000S\000T\000E\000R\000\137\000C\000A\000L\000L\000B\000A\000C\000K\000S}{subsection.4.19.2}% 198
\BOOKMARK [3][-]{subsubsection.4.19.2.51}{\376\377\0004\000.\0001\0009\000.\0002\000.\0005\0001\000\040\000U\000S\000E\000\137\000H\000A\000L\000\137\000S\000M\000B\000U\000S\000\137\000R\000E\000G\000I\000S\000T\000E\000R\000\137\000C\000A\000L\000L\000B\000A\000C\000K\000S}{subsection.4.19.2}% 199
\BOOKMARK [3][-]{subsubsection.4.19.2.52}{\376\377\0004\000.\0001\0009\000.\0002\000.\0005\0002\000\040\000U\000S\000E\000\137\000H\000A\000L\000\137\000S\000P\000I\000\137\000R\000E\000G\000I\000S\000T\000E\000R\000\137\000C\000A\000L\000L\000B\000A\000C\000K\000S}{subsection.4.19.2}% 200
\BOOKMARK [3][-]{subsubsection.4.19.2.53}{\376\377\0004\000.\0001\0009\000.\0002\000.\0005\0003\000\040\000U\000S\000E\000\137\000H\000A\000L\000\137\000S\000W\000P\000M\000I\000\137\000R\000E\000G\000I\000S\000T\000E\000R\000\137\000C\000A\000L\000L\000B\000A\000C\000K\000S}{subsection.4.19.2}% 201
\BOOKMARK [3][-]{subsubsection.4.19.2.54}{\376\377\0004\000.\0001\0009\000.\0002\000.\0005\0004\000\040\000U\000S\000E\000\137\000H\000A\000L\000\137\000T\000I\000M\000\137\000R\000E\000G\000I\000S\000T\000E\000R\000\137\000C\000A\000L\000L\000B\000A\000C\000K\000S}{subsection.4.19.2}% 202
\BOOKMARK [3][-]{subsubsection.4.19.2.55}{\376\377\0004\000.\0001\0009\000.\0002\000.\0005\0005\000\040\000U\000S\000E\000\137\000H\000A\000L\000\137\000T\000S\000C\000\137\000R\000E\000G\000I\000S\000T\000E\000R\000\137\000C\000A\000L\000L\000B\000A\000C\000K\000S}{subsection.4.19.2}% 203
\BOOKMARK [3][-]{subsubsection.4.19.2.56}{\376\377\0004\000.\0001\0009\000.\0002\000.\0005\0006\000\040\000U\000S\000E\000\137\000H\000A\000L\000\137\000U\000A\000R\000T\000\137\000R\000E\000G\000I\000S\000T\000E\000R\000\137\000C\000A\000L\000L\000B\000A\000C\000K\000S}{subsection.4.19.2}% 204
\BOOKMARK [3][-]{subsubsection.4.19.2.57}{\376\377\0004\000.\0001\0009\000.\0002\000.\0005\0007\000\040\000U\000S\000E\000\137\000H\000A\000L\000\137\000U\000S\000A\000R\000T\000\137\000R\000E\000G\000I\000S\000T\000E\000R\000\137\000C\000A\000L\000L\000B\000A\000C\000K\000S}{subsection.4.19.2}% 205
\BOOKMARK [3][-]{subsubsection.4.19.2.58}{\376\377\0004\000.\0001\0009\000.\0002\000.\0005\0008\000\040\000U\000S\000E\000\137\000H\000A\000L\000\137\000W\000W\000D\000G\000\137\000R\000E\000G\000I\000S\000T\000E\000R\000\137\000C\000A\000L\000L\000B\000A\000C\000K\000S}{subsection.4.19.2}% 206
\BOOKMARK [3][-]{subsubsection.4.19.2.59}{\376\377\0004\000.\0001\0009\000.\0002\000.\0005\0009\000\040\000U\000S\000E\000\137\000R\000T\000O\000S}{subsection.4.19.2}% 207
\BOOKMARK [3][-]{subsubsection.4.19.2.60}{\376\377\0004\000.\0001\0009\000.\0002\000.\0006\0000\000\040\000U\000S\000E\000\137\000S\000P\000I\000\137\000C\000R\000C}{subsection.4.19.2}% 208
\BOOKMARK [3][-]{subsubsection.4.19.2.61}{\376\377\0004\000.\0001\0009\000.\0002\000.\0006\0001\000\040\000V\000D\000D\000\137\000V\000A\000L\000U\000E}{subsection.4.19.2}% 209
\BOOKMARK [1][-]{section.4.20}{\376\377\0004\000.\0002\0000\000\040\000s\000t\000m\0003\0002\000l\0004\000x\000x\000\137\000h\000a\000l\000\137\000c\000o\000n\000f\000.\000h}{chapter.4}% 210
\BOOKMARK [1][-]{section.4.21}{\376\377\0004\000.\0002\0001\000\040\000C\000:\000/\000U\000s\000e\000r\000s\000/\000a\000g\000r\000e\000e\000n\000/\000D\000o\000c\000u\000m\000e\000n\000t\000s\000/\000P\000r\000o\000j\000e\000c\000t\000s\000/\000A\000v\000e\000o\000/\000C\000H\000-\0005\0003\000K\000\137\000L\000E\000D\000\137\000C\000o\000n\000t\000r\000o\000l\000l\000e\000r\000/\000C\000o\000r\000e\000/\000I\000n\000c\000/\000t\000e\000m\000p\000e\000r\000a\000t\000u\000r\000e\000\137\000h\000a\000n\000d\000l\000e\000r\000.\000h\000\040\000F\000i\000l\000e\000\040\000R\000e\000f\000e\000r\000e\000n\000c\000e}{chapter.4}% 211
\BOOKMARK [2][-]{subsection.4.21.1}{\376\377\0004\000.\0002\0001\000.\0001\000\040\000E\000n\000u\000m\000e\000r\000a\000t\000i\000o\000n\000\040\000T\000y\000p\000e\000\040\000D\000o\000c\000u\000m\000e\000n\000t\000a\000t\000i\000o\000n}{section.4.21}% 212
\BOOKMARK [3][-]{subsubsection.4.21.1.1}{\376\377\0004\000.\0002\0001\000.\0001\000.\0001\000\040\000T\000e\000m\000p\000e\000r\000a\000t\000u\000r\000e\000R\000a\000n\000g\000e\000\137\000e}{subsection.4.21.1}% 213
\BOOKMARK [2][-]{subsection.4.21.2}{\376\377\0004\000.\0002\0001\000.\0002\000\040\000F\000u\000n\000c\000t\000i\000o\000n\000\040\000D\000o\000c\000u\000m\000e\000n\000t\000a\000t\000i\000o\000n}{section.4.21}% 214
\BOOKMARK [3][-]{subsubsection.4.21.2.1}{\376\377\0004\000.\0002\0001\000.\0002\000.\0001\000\040\000G\000e\000t\000T\000e\000m\000p\000e\000r\000a\000t\000u\000r\000e\000\050\000\051}{subsection.4.21.2}% 215
\BOOKMARK [3][-]{subsubsection.4.21.2.2}{\376\377\0004\000.\0002\0001\000.\0002\000.\0002\000\040\000G\000e\000t\000T\000e\000m\000p\000e\000r\000a\000t\000u\000r\000e\000R\000a\000n\000g\000e\000\050\000\051}{subsection.4.21.2}% 216
\BOOKMARK [1][-]{section.4.22}{\376\377\0004\000.\0002\0002\000\040\000t\000e\000m\000p\000e\000r\000a\000t\000u\000r\000e\000\137\000h\000a\000n\000d\000l\000e\000r\000.\000h}{chapter.4}% 217
\BOOKMARK [1][-]{section.4.23}{\376\377\0004\000.\0002\0003\000\040\000C\000:\000/\000U\000s\000e\000r\000s\000/\000a\000g\000r\000e\000e\000n\000/\000D\000o\000c\000u\000m\000e\000n\000t\000s\000/\000P\000r\000o\000j\000e\000c\000t\000s\000/\000A\000v\000e\000o\000/\000C\000H\000-\0005\0003\000K\000\137\000L\000E\000D\000\137\000C\000o\000n\000t\000r\000o\000l\000l\000e\000r\000/\000C\000o\000r\000e\000/\000I\000n\000c\000/\000v\000o\000l\000t\000a\000g\000e\000\137\000h\000a\000n\000d\000l\000e\000r\000.\000h\000\040\000F\000i\000l\000e\000\040\000R\000e\000f\000e\000r\000e\000n\000c\000e}{chapter.4}% 218
\BOOKMARK [2][-]{subsection.4.23.1}{\376\377\0004\000.\0002\0003\000.\0001\000\040\000E\000n\000u\000m\000e\000r\000a\000t\000i\000o\000n\000\040\000T\000y\000p\000e\000\040\000D\000o\000c\000u\000m\000e\000n\000t\000a\000t\000i\000o\000n}{section.4.23}% 219
\BOOKMARK [3][-]{subsubsection.4.23.1.1}{\376\377\0004\000.\0002\0003\000.\0001\000.\0001\000\040\000V\000o\000l\000t\000a\000g\000e\000R\000a\000n\000g\000e\000\137\000e}{subsection.4.23.1}% 220
\BOOKMARK [2][-]{subsection.4.23.2}{\376\377\0004\000.\0002\0003\000.\0002\000\040\000F\000u\000n\000c\000t\000i\000o\000n\000\040\000D\000o\000c\000u\000m\000e\000n\000t\000a\000t\000i\000o\000n}{section.4.23}% 221
\BOOKMARK [3][-]{subsubsection.4.23.2.1}{\376\377\0004\000.\0002\0003\000.\0002\000.\0001\000\040\000G\000e\000t\000V\000o\000l\000t\000a\000g\000e\000\050\000\051}{subsection.4.23.2}% 222
\BOOKMARK [3][-]{subsubsection.4.23.2.2}{\376\377\0004\000.\0002\0003\000.\0002\000.\0002\000\040\000G\000e\000t\000V\000o\000l\000t\000a\000g\000e\000R\000a\000n\000g\000e\000\050\000\051}{subsection.4.23.2}% 223
\BOOKMARK [1][-]{section.4.24}{\376\377\0004\000.\0002\0004\000\040\000v\000o\000l\000t\000a\000g\000e\000\137\000h\000a\000n\000d\000l\000e\000r\000.\000h}{chapter.4}% 224
\BOOKMARK [1][-]{section.4.25}{\376\377\0004\000.\0002\0005\000\040\000C\000:\000/\000U\000s\000e\000r\000s\000/\000a\000g\000r\000e\000e\000n\000/\000D\000o\000c\000u\000m\000e\000n\000t\000s\000/\000P\000r\000o\000j\000e\000c\000t\000s\000/\000A\000v\000e\000o\000/\000C\000H\000-\0005\0003\000K\000\137\000L\000E\000D\000\137\000C\000o\000n\000t\000r\000o\000l\000l\000e\000r\000/\000C\000o\000r\000e\000/\000S\000r\000c\000/\000b\000u\000t\000t\000o\000n\000\137\000h\000a\000n\000d\000l\000e\000r\000.\000c\000\040\000F\000i\000l\000e\000\040\000R\000e\000f\000e\000r\000e\000n\000c\000e}{chapter.4}% 225
\BOOKMARK [2][-]{subsection.4.25.1}{\376\377\0004\000.\0002\0005\000.\0001\000\040\000F\000u\000n\000c\000t\000i\000o\000n\000\040\000D\000o\000c\000u\000m\000e\000n\000t\000a\000t\000i\000o\000n}{section.4.25}% 226
\BOOKMARK [3][-]{subsubsection.4.25.1.1}{\376\377\0004\000.\0002\0005\000.\0001\000.\0001\000\040\000I\000s\000B\000r\000i\000g\000h\000t\000P\000r\000e\000s\000s\000e\000d\000\050\000\051}{subsection.4.25.1}% 227
\BOOKMARK [3][-]{subsubsection.4.25.1.2}{\376\377\0004\000.\0002\0005\000.\0001\000.\0002\000\040\000I\000s\000D\000i\000m\000P\000r\000e\000s\000s\000e\000d\000\050\000\051}{subsection.4.25.1}% 228
\BOOKMARK [3][-]{subsubsection.4.25.1.3}{\376\377\0004\000.\0002\0005\000.\0001\000.\0003\000\040\000I\000s\000T\000o\000g\000g\000l\000e\000P\000r\000e\000s\000s\000e\000d\000\050\000\051}{subsection.4.25.1}% 229
\BOOKMARK [1][-]{section.4.26}{\376\377\0004\000.\0002\0006\000\040\000C\000:\000/\000U\000s\000e\000r\000s\000/\000a\000g\000r\000e\000e\000n\000/\000D\000o\000c\000u\000m\000e\000n\000t\000s\000/\000P\000r\000o\000j\000e\000c\000t\000s\000/\000A\000v\000e\000o\000/\000C\000H\000-\0005\0003\000K\000\137\000L\000E\000D\000\137\000C\000o\000n\000t\000r\000o\000l\000l\000e\000r\000/\000C\000o\000r\000e\000/\000S\000r\000c\000/\000c\000u\000r\000r\000e\000n\000t\000\137\000h\000a\000n\000d\000l\000e\000r\000.\000c\000\040\000F\000i\000l\000e\000\040\000R\000e\000f\000e\000r\000e\000n\000c\000e}{chapter.4}% 230
\BOOKMARK [2][-]{subsection.4.26.1}{\376\377\0004\000.\0002\0006\000.\0001\000\040\000F\000u\000n\000c\000t\000i\000o\000n\000\040\000D\000o\000c\000u\000m\000e\000n\000t\000a\000t\000i\000o\000n}{section.4.26}% 231
\BOOKMARK [3][-]{subsubsection.4.26.1.1}{\376\377\0004\000.\0002\0006\000.\0001\000.\0001\000\040\000G\000e\000t\000C\000u\000r\000r\000e\000n\000t\000\050\000\051}{subsection.4.26.1}% 232
\BOOKMARK [3][-]{subsubsection.4.26.1.2}{\376\377\0004\000.\0002\0006\000.\0001\000.\0002\000\040\000G\000e\000t\000C\000u\000r\000r\000e\000n\000t\000R\000a\000n\000g\000e\000\050\000\051}{subsection.4.26.1}% 233
\BOOKMARK [2][-]{subsection.4.26.2}{\376\377\0004\000.\0002\0006\000.\0002\000\040\000V\000a\000r\000i\000a\000b\000l\000e\000\040\000D\000o\000c\000u\000m\000e\000n\000t\000a\000t\000i\000o\000n}{section.4.26}% 234
\BOOKMARK [3][-]{subsubsection.4.26.2.1}{\376\377\0004\000.\0002\0006\000.\0002\000.\0001\000\040\000C\000u\000r\000r\000e\000n\000t\000E\000r\000r\000o\000r\000T\000h\000r\000e\000s\000h\000o\000l\000d\000\137\000d\000A}{subsection.4.26.2}% 235
\BOOKMARK [3][-]{subsubsection.4.26.2.2}{\376\377\0004\000.\0002\0006\000.\0002\000.\0002\000\040\000C\000u\000r\000r\000e\000n\000t\000H\000i\000g\000h\000T\000h\000r\000e\000s\000h\000o\000l\000d\000\137\000d\000A}{subsection.4.26.2}% 236
\BOOKMARK [3][-]{subsubsection.4.26.2.3}{\376\377\0004\000.\0002\0006\000.\0002\000.\0003\000\040\000d\000A\000m\000p\000s\000T\000o\000R\000a\000w}{subsection.4.26.2}% 237
\BOOKMARK [3][-]{subsubsection.4.26.2.4}{\376\377\0004\000.\0002\0006\000.\0002\000.\0004\000\040\000R\000a\000w\000T\000o\000d\000A\000m\000p\000s}{subsection.4.26.2}% 238
\BOOKMARK [1][-]{section.4.27}{\376\377\0004\000.\0002\0007\000\040\000C\000:\000/\000U\000s\000e\000r\000s\000/\000a\000g\000r\000e\000e\000n\000/\000D\000o\000c\000u\000m\000e\000n\000t\000s\000/\000P\000r\000o\000j\000e\000c\000t\000s\000/\000A\000v\000e\000o\000/\000C\000H\000-\0005\0003\000K\000\137\000L\000E\000D\000\137\000C\000o\000n\000t\000r\000o\000l\000l\000e\000r\000/\000C\000o\000r\000e\000/\000S\000r\000c\000/\000d\000e\000l\000a\000y\000\137\000h\000a\000n\000d\000l\000e\000r\000.\000c\000\040\000F\000i\000l\000e\000\040\000R\000e\000f\000e\000r\000e\000n\000c\000e}{chapter.4}% 239
\BOOKMARK [2][-]{subsection.4.27.1}{\376\377\0004\000.\0002\0007\000.\0001\000\040\000F\000u\000n\000c\000t\000i\000o\000n\000\040\000D\000o\000c\000u\000m\000e\000n\000t\000a\000t\000i\000o\000n}{section.4.27}% 240
\BOOKMARK [3][-]{subsubsection.4.27.1.1}{\376\377\0004\000.\0002\0007\000.\0001\000.\0001\000\040\000B\000r\000i\000g\000h\000t\000n\000e\000s\000s\000D\000e\000l\000a\000y\000\050\000\051}{subsection.4.27.1}% 241
\BOOKMARK [3][-]{subsubsection.4.27.1.2}{\376\377\0004\000.\0002\0007\000.\0001\000.\0002\000\040\000D\000e\000l\000a\000y\000H\000i\000t\000\050\000\051}{subsection.4.27.1}% 242
\BOOKMARK [3][-]{subsubsection.4.27.1.3}{\376\377\0004\000.\0002\0007\000.\0001\000.\0003\000\040\000R\000e\000s\000t\000a\000r\000t\000D\000e\000l\000a\000y\000C\000o\000u\000n\000t\000e\000r\000\050\000\051}{subsection.4.27.1}% 243
\BOOKMARK [3][-]{subsubsection.4.27.1.4}{\376\377\0004\000.\0002\0007\000.\0001\000.\0004\000\040\000S\000t\000a\000r\000t\000D\000e\000l\000a\000y\000C\000o\000u\000n\000t\000e\000r\000\050\000\051}{subsection.4.27.1}% 244
\BOOKMARK [2][-]{subsection.4.27.2}{\376\377\0004\000.\0002\0007\000.\0002\000\040\000V\000a\000r\000i\000a\000b\000l\000e\000\040\000D\000o\000c\000u\000m\000e\000n\000t\000a\000t\000i\000o\000n}{section.4.27}% 245
\BOOKMARK [3][-]{subsubsection.4.27.2.1}{\376\377\0004\000.\0002\0007\000.\0002\000.\0001\000\040\000T\000i\000m\0002\000C\000l\000k\000K\000h\000z}{subsection.4.27.2}% 246
\BOOKMARK [1][-]{section.4.28}{\376\377\0004\000.\0002\0008\000\040\000C\000:\000/\000U\000s\000e\000r\000s\000/\000a\000g\000r\000e\000e\000n\000/\000D\000o\000c\000u\000m\000e\000n\000t\000s\000/\000P\000r\000o\000j\000e\000c\000t\000s\000/\000A\000v\000e\000o\000/\000C\000H\000-\0005\0003\000K\000\137\000L\000E\000D\000\137\000C\000o\000n\000t\000r\000o\000l\000l\000e\000r\000/\000C\000o\000r\000e\000/\000S\000r\000c\000/\000f\000r\000a\000m\000.\000c\000\040\000F\000i\000l\000e\000\040\000R\000e\000f\000e\000r\000e\000n\000c\000e}{chapter.4}% 247
\BOOKMARK [2][-]{subsection.4.28.1}{\376\377\0004\000.\0002\0008\000.\0001\000\040\000M\000a\000c\000r\000o\000\040\000D\000e\000f\000i\000n\000i\000t\000i\000o\000n\000\040\000D\000o\000c\000u\000m\000e\000n\000t\000a\000t\000i\000o\000n}{section.4.28}% 248
\BOOKMARK [3][-]{subsubsection.4.28.1.1}{\376\377\0004\000.\0002\0008\000.\0001\000.\0001\000\040\000T\000A\000D\000D}{subsection.4.28.1}% 249
\BOOKMARK [3][-]{subsubsection.4.28.1.2}{\376\377\0004\000.\0002\0008\000.\0001\000.\0002\000\040\000T\000L\000E\000N}{subsection.4.28.1}% 250
\BOOKMARK [2][-]{subsection.4.28.2}{\376\377\0004\000.\0002\0008\000.\0002\000\040\000F\000u\000n\000c\000t\000i\000o\000n\000\040\000D\000o\000c\000u\000m\000e\000n\000t\000a\000t\000i\000o\000n}{section.4.28}% 251
\BOOKMARK [3][-]{subsubsection.4.28.2.1}{\376\377\0004\000.\0002\0008\000.\0002\000.\0001\000\040\000f\000r\000a\000m\000C\000h\000i\000p\000S\000e\000l\000e\000c\000t\000\050\000\051}{subsection.4.28.2}% 252
\BOOKMARK [3][-]{subsubsection.4.28.2.2}{\376\377\0004\000.\0002\0008\000.\0002\000.\0002\000\040\000f\000r\000a\000m\000R\000e\000a\000d\000M\000e\000m\000o\000r\000y\000\050\000\051}{subsection.4.28.2}% 253
\BOOKMARK [3][-]{subsubsection.4.28.2.3}{\376\377\0004\000.\0002\0008\000.\0002\000.\0003\000\040\000f\000r\000a\000m\000R\000e\000a\000d\000S\000r\000\050\000\051}{subsection.4.28.2}% 254
\BOOKMARK [3][-]{subsubsection.4.28.2.4}{\376\377\0004\000.\0002\0008\000.\0002\000.\0004\000\040\000f\000r\000a\000m\000T\000e\000s\000t\000\050\000\051}{subsection.4.28.2}% 255
\BOOKMARK [3][-]{subsubsection.4.28.2.5}{\376\377\0004\000.\0002\0008\000.\0002\000.\0005\000\040\000f\000r\000a\000m\000W\000r\000i\000t\000e\000D\000i\000s\000a\000b\000l\000e\000\050\000\051}{subsection.4.28.2}% 256
\BOOKMARK [3][-]{subsubsection.4.28.2.6}{\376\377\0004\000.\0002\0008\000.\0002\000.\0006\000\040\000f\000r\000a\000m\000W\000r\000i\000t\000e\000E\000n\000a\000b\000l\000e\000\050\000\051}{subsection.4.28.2}% 257
\BOOKMARK [3][-]{subsubsection.4.28.2.7}{\376\377\0004\000.\0002\0008\000.\0002\000.\0007\000\040\000f\000r\000a\000m\000W\000r\000i\000t\000e\000M\000e\000m\000o\000r\000y\000\050\000\051}{subsection.4.28.2}% 258
\BOOKMARK [3][-]{subsubsection.4.28.2.8}{\376\377\0004\000.\0002\0008\000.\0002\000.\0008\000\040\000f\000r\000a\000m\000W\000r\000i\000t\000e\000P\000r\000o\000t\000e\000c\000t\000\050\000\051}{subsection.4.28.2}% 259
\BOOKMARK [3][-]{subsubsection.4.28.2.9}{\376\377\0004\000.\0002\0008\000.\0002\000.\0009\000\040\000f\000r\000a\000m\000W\000r\000i\000t\000e\000S\000r\000\050\000\051}{subsection.4.28.2}% 260
\BOOKMARK [1][-]{section.4.29}{\376\377\0004\000.\0002\0009\000\040\000C\000:\000/\000U\000s\000e\000r\000s\000/\000a\000g\000r\000e\000e\000n\000/\000D\000o\000c\000u\000m\000e\000n\000t\000s\000/\000P\000r\000o\000j\000e\000c\000t\000s\000/\000A\000v\000e\000o\000/\000C\000H\000-\0005\0003\000K\000\137\000L\000E\000D\000\137\000C\000o\000n\000t\000r\000o\000l\000l\000e\000r\000/\000C\000o\000r\000e\000/\000S\000r\000c\000/\000l\000o\000g\000g\000e\000r\000.\000c\000\040\000F\000i\000l\000e\000\040\000R\000e\000f\000e\000r\000e\000n\000c\000e}{chapter.4}% 261
\BOOKMARK [2][-]{subsection.4.29.1}{\376\377\0004\000.\0002\0009\000.\0001\000\040\000F\000u\000n\000c\000t\000i\000o\000n\000\040\000D\000o\000c\000u\000m\000e\000n\000t\000a\000t\000i\000o\000n}{section.4.29}% 262
\BOOKMARK [3][-]{subsubsection.4.29.1.1}{\376\377\0004\000.\0002\0009\000.\0001\000.\0001\000\040\000L\000o\000g\000N\000u\000m\000b\000e\000r\000\050\000\051}{subsection.4.29.1}% 263
\BOOKMARK [3][-]{subsubsection.4.29.1.2}{\376\377\0004\000.\0002\0009\000.\0001\000.\0002\000\040\000L\000o\000g\000S\000t\000r\000i\000n\000g\000\050\000\051}{subsection.4.29.1}% 264
\BOOKMARK [3][-]{subsubsection.4.29.1.3}{\376\377\0004\000.\0002\0009\000.\0001\000.\0003\000\040\000R\000e\000a\000d\000L\000o\000g\000\050\000\051}{subsection.4.29.1}% 265
\BOOKMARK [1][-]{section.4.30}{\376\377\0004\000.\0003\0000\000\040\000C\000:\000/\000U\000s\000e\000r\000s\000/\000a\000g\000r\000e\000e\000n\000/\000D\000o\000c\000u\000m\000e\000n\000t\000s\000/\000P\000r\000o\000j\000e\000c\000t\000s\000/\000A\000v\000e\000o\000/\000C\000H\000-\0005\0003\000K\000\137\000L\000E\000D\000\137\000C\000o\000n\000t\000r\000o\000l\000l\000e\000r\000/\000C\000o\000r\000e\000/\000S\000r\000c\000/\000m\000a\000i\000n\000.\000c\000\040\000F\000i\000l\000e\000\040\000R\000e\000f\000e\000r\000e\000n\000c\000e}{chapter.4}% 266
\BOOKMARK [2][-]{subsection.4.30.1}{\376\377\0004\000.\0003\0000\000.\0001\000\040\000D\000e\000t\000a\000i\000l\000e\000d\000\040\000D\000e\000s\000c\000r\000i\000p\000t\000i\000o\000n}{section.4.30}% 267
\BOOKMARK [2][-]{subsection.4.30.2}{\376\377\0004\000.\0003\0000\000.\0002\000\040\000M\000a\000c\000r\000o\000\040\000D\000e\000f\000i\000n\000i\000t\000i\000o\000n\000\040\000D\000o\000c\000u\000m\000e\000n\000t\000a\000t\000i\000o\000n}{section.4.30}% 268
\BOOKMARK [3][-]{subsubsection.4.30.2.1}{\376\377\0004\000.\0003\0000\000.\0002\000.\0001\000\040\000A\000V\000G\000\137\000S\000T\000E\000P\000\137\000D\000I\000F\000F\000\137\000M\000S}{subsection.4.30.2}% 269
\BOOKMARK [3][-]{subsubsection.4.30.2.2}{\376\377\0004\000.\0003\0000\000.\0002\000.\0002\000\040\000A\000V\000G\000\137\000S\000T\000E\000P\000\137\000T\000I\000M\000E\000\137\000M\000S}{subsection.4.30.2}% 270
\BOOKMARK [3][-]{subsubsection.4.30.2.3}{\376\377\0004\000.\0003\0000\000.\0002\000.\0003\000\040\000L\000O\000W\000E\000R\000\137\000S\000T\000E\000P\000\137\000T\000I\000M\000E\000\137\000M\000S}{subsection.4.30.2}% 271
\BOOKMARK [3][-]{subsubsection.4.30.2.4}{\376\377\0004\000.\0003\0000\000.\0002\000.\0004\000\040\000L\000O\000W\000E\000R\000\137\000S\000W\000E\000E\000P\000\137\000T\000I\000M\000E\000\137\000M\000S}{subsection.4.30.2}% 272
\BOOKMARK [3][-]{subsubsection.4.30.2.5}{\376\377\0004\000.\0003\0000\000.\0002\000.\0005\000\040\000T\000O\000T\000A\000L\000\137\000S\000W\000E\000E\000P\000\137\000T\000I\000M\000E\000\137\000M\000S}{subsection.4.30.2}% 273
\BOOKMARK [3][-]{subsubsection.4.30.2.6}{\376\377\0004\000.\0003\0000\000.\0002\000.\0006\000\040\000U\000P\000P\000E\000R\000\137\000S\000T\000E\000P\000\137\000T\000I\000M\000E\000\137\000M\000S}{subsection.4.30.2}% 274
\BOOKMARK [3][-]{subsubsection.4.30.2.7}{\376\377\0004\000.\0003\0000\000.\0002\000.\0007\000\040\000U\000P\000P\000E\000R\000\137\000S\000W\000E\000E\000P\000\137\000T\000I\000M\000E\000\137\000M\000S}{subsection.4.30.2}% 275
\BOOKMARK [2][-]{subsection.4.30.3}{\376\377\0004\000.\0003\0000\000.\0003\000\040\000F\000u\000n\000c\000t\000i\000o\000n\000\040\000D\000o\000c\000u\000m\000e\000n\000t\000a\000t\000i\000o\000n}{section.4.30}% 276
\BOOKMARK [3][-]{subsubsection.4.30.3.1}{\376\377\0004\000.\0003\0000\000.\0003\000.\0001\000\040\000E\000r\000r\000o\000r\000\137\000H\000a\000n\000d\000l\000e\000r\000\050\000\051}{subsection.4.30.3}% 277
\BOOKMARK [3][-]{subsubsection.4.30.3.2}{\376\377\0004\000.\0003\0000\000.\0003\000.\0002\000\040\000m\000a\000i\000n\000\050\000\051}{subsection.4.30.3}% 278
\BOOKMARK [3][-]{subsubsection.4.30.3.3}{\376\377\0004\000.\0003\0000\000.\0003\000.\0003\000\040\000S\000y\000s\000t\000e\000m\000C\000l\000o\000c\000k\000\137\000C\000o\000n\000f\000i\000g\000\050\000\051}{subsection.4.30.3}% 279
\BOOKMARK [2][-]{subsection.4.30.4}{\376\377\0004\000.\0003\0000\000.\0004\000\040\000V\000a\000r\000i\000a\000b\000l\000e\000\040\000D\000o\000c\000u\000m\000e\000n\000t\000a\000t\000i\000o\000n}{section.4.30}% 280
\BOOKMARK [3][-]{subsubsection.4.30.4.1}{\376\377\0004\000.\0003\0000\000.\0004\000.\0001\000\040\000H\000i\000g\000h\000S\000t\000e\000p\000T\000i\000m\000e\000M\000s}{subsection.4.30.4}% 281
\BOOKMARK [3][-]{subsubsection.4.30.4.2}{\376\377\0004\000.\0003\0000\000.\0004\000.\0002\000\040\000L\000o\000w\000S\000t\000e\000p\000T\000i\000m\000e\000M\000s}{subsection.4.30.4}% 282
\BOOKMARK [1][-]{section.4.31}{\376\377\0004\000.\0003\0001\000\040\000C\000:\000/\000U\000s\000e\000r\000s\000/\000a\000g\000r\000e\000e\000n\000/\000D\000o\000c\000u\000m\000e\000n\000t\000s\000/\000P\000r\000o\000j\000e\000c\000t\000s\000/\000A\000v\000e\000o\000/\000C\000H\000-\0005\0003\000K\000\137\000L\000E\000D\000\137\000C\000o\000n\000t\000r\000o\000l\000l\000e\000r\000/\000C\000o\000r\000e\000/\000S\000r\000c\000/\000m\000y\000\137\000p\000r\000i\000n\000t\000f\000.\000c\000\040\000F\000i\000l\000e\000\040\000R\000e\000f\000e\000r\000e\000n\000c\000e}{chapter.4}% 283
\BOOKMARK [1][-]{section.4.32}{\376\377\0004\000.\0003\0002\000\040\000C\000:\000/\000U\000s\000e\000r\000s\000/\000a\000g\000r\000e\000e\000n\000/\000D\000o\000c\000u\000m\000e\000n\000t\000s\000/\000P\000r\000o\000j\000e\000c\000t\000s\000/\000A\000v\000e\000o\000/\000C\000H\000-\0005\0003\000K\000\137\000L\000E\000D\000\137\000C\000o\000n\000t\000r\000o\000l\000l\000e\000r\000/\000C\000o\000r\000e\000/\000S\000r\000c\000/\000p\000w\000m\000\137\000h\000a\000n\000d\000l\000e\000r\000.\000c\000\040\000F\000i\000l\000e\000\040\000R\000e\000f\000e\000r\000e\000n\000c\000e}{chapter.4}% 284
\BOOKMARK [2][-]{subsection.4.32.1}{\376\377\0004\000.\0003\0002\000.\0001\000\040\000M\000a\000c\000r\000o\000\040\000D\000e\000f\000i\000n\000i\000t\000i\000o\000n\000\040\000D\000o\000c\000u\000m\000e\000n\000t\000a\000t\000i\000o\000n}{section.4.32}% 285
\BOOKMARK [3][-]{subsubsection.4.32.1.1}{\376\377\0004\000.\0003\0002\000.\0001\000.\0001\000\040\000P\000W\000\137\000P\000E\000R\000I\000O\000D}{subsection.4.32.1}% 286
\BOOKMARK [2][-]{subsection.4.32.2}{\376\377\0004\000.\0003\0002\000.\0002\000\040\000F\000u\000n\000c\000t\000i\000o\000n\000\040\000D\000o\000c\000u\000m\000e\000n\000t\000a\000t\000i\000o\000n}{section.4.32}% 287
\BOOKMARK [3][-]{subsubsection.4.32.2.1}{\376\377\0004\000.\0003\0002\000.\0002\000.\0001\000\040\000D\000e\000c\000r\000e\000a\000s\000e\000B\000r\000i\000g\000h\000t\000n\000e\000s\000s\000\050\000\051}{subsection.4.32.2}% 288
\BOOKMARK [3][-]{subsubsection.4.32.2.2}{\376\377\0004\000.\0003\0002\000.\0002\000.\0002\000\040\000G\000e\000t\000B\000r\000i\000g\000h\000t\000n\000e\000s\000s\000\050\000\051}{subsection.4.32.2}% 289
\BOOKMARK [3][-]{subsubsection.4.32.2.3}{\376\377\0004\000.\0003\0002\000.\0002\000.\0003\000\040\000G\000e\000t\000P\000w\000m\000\050\000\051}{subsection.4.32.2}% 290
\BOOKMARK [3][-]{subsubsection.4.32.2.4}{\376\377\0004\000.\0003\0002\000.\0002\000.\0004\000\040\000I\000n\000c\000r\000e\000a\000s\000e\000B\000r\000i\000g\000h\000t\000n\000e\000s\000s\000\050\000\051}{subsection.4.32.2}% 291
\BOOKMARK [3][-]{subsubsection.4.32.2.5}{\376\377\0004\000.\0003\0002\000.\0002\000.\0005\000\040\000I\000n\000i\000t\000P\000w\000m\000\050\000\051}{subsection.4.32.2}% 292
\BOOKMARK [3][-]{subsubsection.4.32.2.6}{\376\377\0004\000.\0003\0002\000.\0002\000.\0006\000\040\000S\000e\000t\000B\000r\000i\000g\000h\000t\000n\000e\000s\000s\000\050\000\051}{subsection.4.32.2}% 293
\BOOKMARK [3][-]{subsubsection.4.32.2.7}{\376\377\0004\000.\0003\0002\000.\0002\000.\0007\000\040\000S\000e\000t\000P\000w\000m\000\050\000\051}{subsection.4.32.2}% 294
\BOOKMARK [3][-]{subsubsection.4.32.2.8}{\376\377\0004\000.\0003\0002\000.\0002\000.\0008\000\040\000T\000u\000r\000n\000O\000f\000f\000P\000w\000m\000\050\000\051}{subsection.4.32.2}% 295
\BOOKMARK [2][-]{subsection.4.32.3}{\376\377\0004\000.\0003\0002\000.\0003\000\040\000V\000a\000r\000i\000a\000b\000l\000e\000\040\000D\000o\000c\000u\000m\000e\000n\000t\000a\000t\000i\000o\000n}{section.4.32}% 296
\BOOKMARK [3][-]{subsubsection.4.32.3.1}{\376\377\0004\000.\0003\0002\000.\0003\000.\0001\000\040\000H\000a\000l\000f\000B\000r\000i\000g\000h\000t\000n\000e\000s\000s}{subsection.4.32.3}% 297
\BOOKMARK [3][-]{subsubsection.4.32.3.2}{\376\377\0004\000.\0003\0002\000.\0003\000.\0002\000\040\000H\000o\000t\000P\000w\000m\000R\000a\000t\000i\000o}{subsection.4.32.3}% 298
\BOOKMARK [3][-]{subsubsection.4.32.3.3}{\376\377\0004\000.\0003\0002\000.\0003\000.\0003\000\040\000M\000a\000x\000B\000r\000i\000g\000h\000t\000n\000e\000s\000s}{subsection.4.32.3}% 299
\BOOKMARK [3][-]{subsubsection.4.32.3.4}{\376\377\0004\000.\0003\0002\000.\0003\000.\0004\000\040\000M\000a\000x\000P\000w}{subsection.4.32.3}% 300
\BOOKMARK [3][-]{subsubsection.4.32.3.5}{\376\377\0004\000.\0003\0002\000.\0003\000.\0005\000\040\000M\000i\000n\000B\000r\000i\000g\000h\000t\000n\000e\000s\000s}{subsection.4.32.3}% 301
\BOOKMARK [3][-]{subsubsection.4.32.3.6}{\376\377\0004\000.\0003\0002\000.\0003\000.\0006\000\040\000M\000i\000n\000P\000w}{subsection.4.32.3}% 302
\BOOKMARK [3][-]{subsubsection.4.32.3.7}{\376\377\0004\000.\0003\0002\000.\0003\000.\0007\000\040\000W\000a\000r\000m\000P\000w\000m\000R\000a\000t\000i\000o}{subsection.4.32.3}% 303
\BOOKMARK [1][-]{section.4.33}{\376\377\0004\000.\0003\0003\000\040\000C\000:\000/\000U\000s\000e\000r\000s\000/\000a\000g\000r\000e\000e\000n\000/\000D\000o\000c\000u\000m\000e\000n\000t\000s\000/\000P\000r\000o\000j\000e\000c\000t\000s\000/\000A\000v\000e\000o\000/\000C\000H\000-\0005\0003\000K\000\137\000L\000E\000D\000\137\000C\000o\000n\000t\000r\000o\000l\000l\000e\000r\000/\000C\000o\000r\000e\000/\000S\000r\000c\000/\000s\000t\000m\0003\0002\000l\0004\0001\0002\000x\000x\000-\000b\000s\000p\000.\000c\000\040\000F\000i\000l\000e\000\040\000R\000e\000f\000e\000r\000e\000n\000c\000e}{chapter.4}% 304
\BOOKMARK [2][-]{subsection.4.33.1}{\376\377\0004\000.\0003\0003\000.\0001\000\040\000F\000u\000n\000c\000t\000i\000o\000n\000\040\000D\000o\000c\000u\000m\000e\000n\000t\000a\000t\000i\000o\000n}{section.4.33}% 305
\BOOKMARK [3][-]{subsubsection.4.33.1.1}{\376\377\0004\000.\0003\0003\000.\0001\000.\0001\000\040\000d\000i\000s\000a\000b\000l\000e\000C\000h\000i\000p\000S\000e\000l\000e\000c\000t\000\050\000\051}{subsection.4.33.1}% 306
\BOOKMARK [3][-]{subsubsection.4.33.1.2}{\376\377\0004\000.\0003\0003\000.\0001\000.\0002\000\040\000D\000i\000s\000a\000b\000l\000e\000P\000W\000M\0001\000\050\000\051}{subsection.4.33.1}% 307
\BOOKMARK [3][-]{subsubsection.4.33.1.3}{\376\377\0004\000.\0003\0003\000.\0001\000.\0003\000\040\000d\000i\000s\000a\000b\000l\000e\000W\000r\000i\000t\000e\000P\000r\000o\000t\000e\000c\000t\000\050\000\051}{subsection.4.33.1}% 308
\BOOKMARK [3][-]{subsubsection.4.33.1.4}{\376\377\0004\000.\0003\0003\000.\0001\000.\0004\000\040\000e\000n\000a\000b\000l\000e\000C\000h\000i\000p\000S\000e\000l\000e\000c\000t\000\050\000\051}{subsection.4.33.1}% 309
\BOOKMARK [3][-]{subsubsection.4.33.1.5}{\376\377\0004\000.\0003\0003\000.\0001\000.\0005\000\040\000E\000n\000a\000b\000l\000e\000P\000W\000M\0001\000\050\000\051}{subsection.4.33.1}% 310
\BOOKMARK [3][-]{subsubsection.4.33.1.6}{\376\377\0004\000.\0003\0003\000.\0001\000.\0006\000\040\000e\000n\000a\000b\000l\000e\000W\000r\000i\000t\000e\000P\000r\000o\000t\000e\000c\000t\000\050\000\051}{subsection.4.33.1}% 311
\BOOKMARK [3][-]{subsubsection.4.33.1.7}{\376\377\0004\000.\0003\0003\000.\0001\000.\0007\000\040\000G\000e\000t\000C\000u\000r\000r\000e\000n\000t\000V\000a\000l\000u\000e\000\050\000\051}{subsection.4.33.1}% 312
\BOOKMARK [3][-]{subsubsection.4.33.1.8}{\376\377\0004\000.\0003\0003\000.\0001\000.\0008\000\040\000G\000e\000t\000T\000h\000e\000r\000m\000i\000s\000t\000o\000r\000V\000a\000l\000u\000e\000\050\000\051}{subsection.4.33.1}% 313
\BOOKMARK [3][-]{subsubsection.4.33.1.9}{\376\377\0004\000.\0003\0003\000.\0001\000.\0009\000\040\000G\000e\000t\000T\000I\000M\0002\000C\000n\000t\000\050\000\051}{subsection.4.33.1}% 314
\BOOKMARK [3][-]{subsubsection.4.33.1.10}{\376\377\0004\000.\0003\0003\000.\0001\000.\0001\0000\000\040\000G\000e\000t\000V\000o\000l\000t\000a\000g\000e\000V\000a\000l\000u\000e\000\050\000\051}{subsection.4.33.1}% 315
\BOOKMARK [3][-]{subsubsection.4.33.1.11}{\376\377\0004\000.\0003\0003\000.\0001\000.\0001\0001\000\040\000R\000e\000a\000d\000B\000r\000i\000g\000h\000t\000P\000i\000n\000\050\000\051}{subsection.4.33.1}% 316
\BOOKMARK [3][-]{subsubsection.4.33.1.12}{\376\377\0004\000.\0003\0003\000.\0001\000.\0001\0002\000\040\000R\000e\000a\000d\000D\000i\000m\000P\000i\000n\000\050\000\051}{subsection.4.33.1}% 317
\BOOKMARK [3][-]{subsubsection.4.33.1.13}{\376\377\0004\000.\0003\0003\000.\0001\000.\0001\0003\000\040\000R\000e\000a\000d\000T\000o\000g\000g\000l\000e\000P\000i\000n\000\050\000\051}{subsection.4.33.1}% 318
\BOOKMARK [3][-]{subsubsection.4.33.1.14}{\376\377\0004\000.\0003\0003\000.\0001\000.\0001\0004\000\040\000r\000e\000c\000e\000i\000v\000e\000D\000a\000t\000a\000\050\000\051}{subsection.4.33.1}% 319
\BOOKMARK [3][-]{subsubsection.4.33.1.15}{\376\377\0004\000.\0003\0003\000.\0001\000.\0001\0005\000\040\000R\000e\000s\000t\000a\000r\000t\000T\000I\000M\0002\000\050\000\051}{subsection.4.33.1}% 320
\BOOKMARK [3][-]{subsubsection.4.33.1.16}{\376\377\0004\000.\0003\0003\000.\0001\000.\0001\0006\000\040\000s\000e\000n\000d\000U\000A\000R\000T\000C\000h\000a\000r\000\050\000\051}{subsection.4.33.1}% 321
\BOOKMARK [3][-]{subsubsection.4.33.1.17}{\376\377\0004\000.\0003\0003\000.\0001\000.\0001\0007\000\040\000S\000e\000t\000P\000W\0001\0001\000\050\000\051}{subsection.4.33.1}% 322
\BOOKMARK [3][-]{subsubsection.4.33.1.18}{\376\377\0004\000.\0003\0003\000.\0001\000.\0001\0008\000\040\000S\000t\000a\000r\000t\000P\000W\000M\0001\0001\000\050\000\051}{subsection.4.33.1}% 323
\BOOKMARK [3][-]{subsubsection.4.33.1.19}{\376\377\0004\000.\0003\0003\000.\0001\000.\0001\0009\000\040\000S\000t\000a\000r\000t\000T\000I\000M\0002\000\050\000\051}{subsection.4.33.1}% 324
\BOOKMARK [3][-]{subsubsection.4.33.1.20}{\376\377\0004\000.\0003\0003\000.\0001\000.\0002\0000\000\040\000S\000t\000o\000p\000P\000W\000M\0001\0001\000\050\000\051}{subsection.4.33.1}% 325
\BOOKMARK [3][-]{subsubsection.4.33.1.21}{\376\377\0004\000.\0003\0003\000.\0001\000.\0002\0001\000\040\000t\000r\000a\000n\000s\000f\000e\000r\000D\000a\000t\000a\000\050\000\051}{subsection.4.33.1}% 326
\BOOKMARK [1][-]{section.4.34}{\376\377\0004\000.\0003\0004\000\040\000C\000:\000/\000U\000s\000e\000r\000s\000/\000a\000g\000r\000e\000e\000n\000/\000D\000o\000c\000u\000m\000e\000n\000t\000s\000/\000P\000r\000o\000j\000e\000c\000t\000s\000/\000A\000v\000e\000o\000/\000C\000H\000-\0005\0003\000K\000\137\000L\000E\000D\000\137\000C\000o\000n\000t\000r\000o\000l\000l\000e\000r\000/\000C\000o\000r\000e\000/\000S\000r\000c\000/\000s\000t\000m\0003\0002\000l\0004\000x\000x\000\137\000h\000a\000l\000\137\000m\000s\000p\000.\000c\000\040\000F\000i\000l\000e\000\040\000R\000e\000f\000e\000r\000e\000n\000c\000e}{chapter.4}% 327
\BOOKMARK [2][-]{subsection.4.34.1}{\376\377\0004\000.\0003\0004\000.\0001\000\040\000D\000e\000t\000a\000i\000l\000e\000d\000\040\000D\000e\000s\000c\000r\000i\000p\000t\000i\000o\000n}{section.4.34}% 328
\BOOKMARK [2][-]{subsection.4.34.2}{\376\377\0004\000.\0003\0004\000.\0002\000\040\000F\000u\000n\000c\000t\000i\000o\000n\000\040\000D\000o\000c\000u\000m\000e\000n\000t\000a\000t\000i\000o\000n}{section.4.34}% 329
\BOOKMARK [3][-]{subsubsection.4.34.2.1}{\376\377\0004\000.\0003\0004\000.\0002\000.\0001\000\040\000H\000A\000L\000\137\000M\000s\000p\000I\000n\000i\000t\000\050\000\051}{subsection.4.34.2}% 330
\BOOKMARK [1][-]{section.4.35}{\376\377\0004\000.\0003\0005\000\040\000C\000:\000/\000U\000s\000e\000r\000s\000/\000a\000g\000r\000e\000e\000n\000/\000D\000o\000c\000u\000m\000e\000n\000t\000s\000/\000P\000r\000o\000j\000e\000c\000t\000s\000/\000A\000v\000e\000o\000/\000C\000H\000-\0005\0003\000K\000\137\000L\000E\000D\000\137\000C\000o\000n\000t\000r\000o\000l\000l\000e\000r\000/\000C\000o\000r\000e\000/\000S\000r\000c\000/\000t\000e\000m\000p\000e\000r\000a\000t\000u\000r\000e\000\137\000h\000a\000n\000d\000l\000e\000r\000.\000c\000\040\000F\000i\000l\000e\000\040\000R\000e\000f\000e\000r\000e\000n\000c\000e}{chapter.4}% 331
\BOOKMARK [2][-]{subsection.4.35.1}{\376\377\0004\000.\0003\0005\000.\0001\000\040\000F\000u\000n\000c\000t\000i\000o\000n\000\040\000D\000o\000c\000u\000m\000e\000n\000t\000a\000t\000i\000o\000n}{section.4.35}% 332
\BOOKMARK [3][-]{subsubsection.4.35.1.1}{\376\377\0004\000.\0003\0005\000.\0001\000.\0001\000\040\000G\000e\000t\000T\000e\000m\000p\000e\000r\000a\000t\000u\000r\000e\000\050\000\051}{subsection.4.35.1}% 333
\BOOKMARK [3][-]{subsubsection.4.35.1.2}{\376\377\0004\000.\0003\0005\000.\0001\000.\0002\000\040\000G\000e\000t\000T\000e\000m\000p\000e\000r\000a\000t\000u\000r\000e\000R\000a\000n\000g\000e\000\050\000\051}{subsection.4.35.1}% 334
\BOOKMARK [2][-]{subsection.4.35.2}{\376\377\0004\000.\0003\0005\000.\0002\000\040\000V\000a\000r\000i\000a\000b\000l\000e\000\040\000D\000o\000c\000u\000m\000e\000n\000t\000a\000t\000i\000o\000n}{section.4.35}% 335
\BOOKMARK [3][-]{subsubsection.4.35.2.1}{\376\377\0004\000.\0003\0005\000.\0002\000.\0001\000\040\000C\000o\000o\000l\000i\000n\000g\000T\000h\000r\000e\000s\000h\000o\000l\000d\0001\000\137\000d\000C}{subsection.4.35.2}% 336
\BOOKMARK [3][-]{subsubsection.4.35.2.2}{\376\377\0004\000.\0003\0005\000.\0002\000.\0002\000\040\000C\000o\000o\000l\000i\000n\000g\000T\000h\000r\000e\000s\000h\000o\000l\000d\0002\000\137\000d\000C}{subsection.4.35.2}% 337
\BOOKMARK [3][-]{subsubsection.4.35.2.3}{\376\377\0004\000.\0003\0005\000.\0002\000.\0003\000\040\000d\000C\000e\000l\000c\000i\000u\000s\000T\000o\000T\000h\000e\000r\000m\000i\000s\000t\000o\000r}{subsection.4.35.2}% 338
\BOOKMARK [3][-]{subsubsection.4.35.2.4}{\376\377\0004\000.\0003\0005\000.\0002\000.\0004\000\040\000H\000e\000a\000t\000i\000n\000g\000T\000h\000r\000e\000s\000h\000o\000l\000d\0001\000\137\000d\000C}{subsection.4.35.2}% 339
\BOOKMARK [3][-]{subsubsection.4.35.2.5}{\376\377\0004\000.\0003\0005\000.\0002\000.\0005\000\040\000H\000e\000a\000t\000i\000n\000g\000T\000h\000r\000e\000s\000h\000o\000l\000d\0002\000\137\000d\000C}{subsection.4.35.2}% 340
\BOOKMARK [3][-]{subsubsection.4.35.2.6}{\376\377\0004\000.\0003\0005\000.\0002\000.\0006\000\040\000T\000h\000e\000r\000m\000i\000s\000t\000o\000r\000T\000o\000d\000C\000e\000l\000c\000i\000u\000s}{subsection.4.35.2}% 341
\BOOKMARK [1][-]{section.4.36}{\376\377\0004\000.\0003\0006\000\040\000C\000:\000/\000U\000s\000e\000r\000s\000/\000a\000g\000r\000e\000e\000n\000/\000D\000o\000c\000u\000m\000e\000n\000t\000s\000/\000P\000r\000o\000j\000e\000c\000t\000s\000/\000A\000v\000e\000o\000/\000C\000H\000-\0005\0003\000K\000\137\000L\000E\000D\000\137\000C\000o\000n\000t\000r\000o\000l\000l\000e\000r\000/\000C\000o\000r\000e\000/\000S\000r\000c\000/\000v\000o\000l\000t\000a\000g\000e\000\137\000h\000a\000n\000d\000l\000e\000r\000.\000c\000\040\000F\000i\000l\000e\000\040\000R\000e\000f\000e\000r\000e\000n\000c\000e}{chapter.4}% 342
\BOOKMARK [2][-]{subsection.4.36.1}{\376\377\0004\000.\0003\0006\000.\0001\000\040\000F\000u\000n\000c\000t\000i\000o\000n\000\040\000D\000o\000c\000u\000m\000e\000n\000t\000a\000t\000i\000o\000n}{section.4.36}% 343
\BOOKMARK [3][-]{subsubsection.4.36.1.1}{\376\377\0004\000.\0003\0006\000.\0001\000.\0001\000\040\000G\000e\000t\000V\000o\000l\000t\000a\000g\000e\000\050\000\051}{subsection.4.36.1}% 344
\BOOKMARK [3][-]{subsubsection.4.36.1.2}{\376\377\0004\000.\0003\0006\000.\0001\000.\0002\000\040\000G\000e\000t\000V\000o\000l\000t\000a\000g\000e\000R\000a\000n\000g\000e\000\050\000\051}{subsection.4.36.1}% 345
\BOOKMARK [2][-]{subsection.4.36.2}{\376\377\0004\000.\0003\0006\000.\0002\000\040\000V\000a\000r\000i\000a\000b\000l\000e\000\040\000D\000o\000c\000u\000m\000e\000n\000t\000a\000t\000i\000o\000n}{section.4.36}% 346
\BOOKMARK [3][-]{subsubsection.4.36.2.1}{\376\377\0004\000.\0003\0006\000.\0002\000.\0001\000\040\000d\000V\000o\000l\000t\000s\000T\000o\000R\000a\000w}{subsection.4.36.2}% 347
\BOOKMARK [3][-]{subsubsection.4.36.2.2}{\376\377\0004\000.\0003\0006\000.\0002\000.\0002\000\040\000R\000a\000w\000T\000o\000d\000V\000o\000l\000t\000s}{subsection.4.36.2}% 348
\BOOKMARK [3][-]{subsubsection.4.36.2.3}{\376\377\0004\000.\0003\0006\000.\0002\000.\0003\000\040\000V\000o\000l\000t\000a\000g\000e\000E\000r\000r\000o\000r\000H\000i\000g\000h\000T\000h\000r\000e\000s\000h\000o\000l\000d\000\137\000d\000V}{subsection.4.36.2}% 349
\BOOKMARK [3][-]{subsubsection.4.36.2.4}{\376\377\0004\000.\0003\0006\000.\0002\000.\0004\000\040\000V\000o\000l\000t\000a\000g\000e\000E\000r\000r\000o\000r\000L\000o\000w\000T\000h\000r\000e\000s\000h\000o\000l\000d\000\137\000d\000V}{subsection.4.36.2}% 350
\BOOKMARK [3][-]{subsubsection.4.36.2.5}{\376\377\0004\000.\0003\0006\000.\0002\000.\0005\000\040\000V\000o\000l\000t\000a\000g\000e\000H\000i\000g\000h\000T\000h\000r\000e\000s\000h\000o\000l\000d\000\137\000d\000V}{subsection.4.36.2}% 351
\BOOKMARK [3][-]{subsubsection.4.36.2.6}{\376\377\0004\000.\0003\0006\000.\0002\000.\0006\000\040\000V\000o\000l\000t\000a\000g\000e\000L\000o\000w\000T\000h\000r\000e\000s\000h\000o\000l\000d\000\137\000d\000V}{subsection.4.36.2}% 352
\BOOKMARK [0][-]{section*.42}{\376\377\000I\000n\000d\000e\000x}{}% 353
