This is pdfTeX, Version 3.141592653-2.6-1.40.26 (MiKTeX 24.4) (preloaded format=pdflatex 2024.9.4)  17 DEC 2024 10:27
entering extended mode
 restricted \write18 enabled.
 %&-line parsing enabled.
**./refman.tex
(refman.tex
LaTeX2e <2024-06-01> patch level 2
L3 programming layer <2024-08-16>
(C:\Programs\MiKTeX\tex/generic/iftex\iftex.sty
Package: iftex 2022/02/03 v1.0f TeX engine tests
)
(C:\Programs\MiKTeX\tex/latex/base\book.cls
Document Class: book 2024/02/08 v1.4n Standard LaTeX document class
(C:\Programs\MiKTeX\tex/latex/base\bk10.clo
File: bk10.clo 2024/02/08 v1.4n Standard LaTeX file (size option)
)
\c@part=\count194
\c@chapter=\count195
\c@section=\count196
\c@subsection=\count197
\c@subsubsection=\count198
\c@paragraph=\count199
\c@subparagraph=\count266
\c@figure=\count267
\c@table=\count268
\abovecaptionskip=\skip49
\belowcaptionskip=\skip50
\bibindent=\dimen141
)
(C:\Programs\MiKTeX\tex/latex/base\ifthen.sty
Package: ifthen 2024/03/16 v1.1e Standard LaTeX ifthen package (DPC)
)
(C:\Programs\MiKTeX\tex/latex/tools\array.sty
Rollback for package 'array' requested -> date 2016-10-06.
         Best approximation is the release introduced on 2016-10-06.

(C:\Programs\MiKTeX\tex/latex/tools\array-2016-10-06.sty
Package: array 2016/10/06 v2.4d Tabular extension package (FMi)
\col@sep=\dimen142
\extrarowheight=\dimen143
\NC@list=\toks17
\extratabsurround=\skip51
\backup@length=\skip52
))
(C:\Programs\MiKTeX\tex/generic/infwarerr\infwarerr.sty
package info suppressed
) (doxygen.sty
Package: doxygen 

(C:\Programs\MiKTeX\tex/latex/base\alltt.sty
Package: alltt 2024/02/08 v2.0g defines alltt environment
)
(C:\Programs\MiKTeX\tex/latex/tools\calc.sty
Package: calc 2023/07/08 v4.3 Infix arithmetic (KKT,FJ)
\calc@Acount=\count269
\calc@Bcount=\count270
\calc@Adimen=\dimen144
\calc@Bdimen=\dimen145
\calc@Askip=\skip53
\calc@Bskip=\skip54
LaTeX Info: Redefining \setlength on input line 80.
LaTeX Info: Redefining \addtolength on input line 81.
\calc@Ccount=\count271
\calc@Cskip=\skip55
)
(C:\Programs\MiKTeX\tex/latex/float\float.sty
Package: float 2001/11/08 v1.3d Float enhancements (AL)
\c@float@type=\count272
\float@exts=\toks18
\float@box=\box52
\@float@everytoks=\toks19
\@floatcapt=\box53
)
(C:\Programs\MiKTeX\tex/latex/tools\verbatim.sty
Package: verbatim 2024-01-22 v1.5x LaTeX2e package for verbatim enhancements
\every@verbatim=\toks20
\verbatim@line=\toks21
\verbatim@in@stream=\read2
)
(C:\Programs\MiKTeX\tex/latex/xcolor\xcolor.sty
Package: xcolor 2023/11/15 v3.01 LaTeX color extensions (UK)

(C:\Programs\MiKTeX\tex/latex/graphics-cfg\color.cfg
File: color.cfg 2016/01/02 v1.6 sample color configuration
)
Package xcolor Info: Driver file: pdftex.def on input line 274.

(C:\Programs\MiKTeX\tex/latex/graphics-def\pdftex.def
File: pdftex.def 2024/04/13 v1.2c Graphics/color driver for pdftex
)
(C:\Programs\MiKTeX\tex/latex/graphics\mathcolor.ltx)
Package xcolor Info: Model `cmy' substituted by `cmy0' on input line 1350.
Package xcolor Info: Model `hsb' substituted by `rgb' on input line 1354.
Package xcolor Info: Model `RGB' extended on input line 1366.
Package xcolor Info: Model `HTML' substituted by `rgb' on input line 1368.
Package xcolor Info: Model `Hsb' substituted by `hsb' on input line 1369.
Package xcolor Info: Model `tHsb' substituted by `hsb' on input line 1370.
Package xcolor Info: Model `HSB' substituted by `hsb' on input line 1371.
Package xcolor Info: Model `Gray' substituted by `gray' on input line 1372.
Package xcolor Info: Model `wave' substituted by `hsb' on input line 1373.
)
(C:\Programs\MiKTeX\tex/latex/colortbl\colortbl.sty
Package: colortbl 2024/07/06 v1.0i Color table columns (DPC)
\everycr=\toks22
\minrowclearance=\skip56
\rownum=\count273
) (longtable_doxygen.sty
Package: longtable_doxygen 2014/10/28 v4.11 Multi-page Table package (DPC) - fr
ozen version for doxygen
\LTleft=\skip57
\LTright=\skip58
\LTpre=\skip59
\LTpost=\skip60
\LTchunksize=\count274
\LTcapwidth=\dimen146
\LT@head=\box54
\LT@firsthead=\box55
\LT@foot=\box56
\LT@lastfoot=\box57
\LT@cols=\count275
\LT@rows=\count276
\c@LT@tables=\count277
\c@LT@chunks=\count278
\LT@p@ftn=\toks23
)
(tabu_doxygen.sty
Package: tabu_doxygen 2011/02/26 v2.8 - flexible LaTeX tabulars (FC), frozen ve
rsion for doxygen
 (C:\Programs\MiKTeX\tex/latex/varwidth\varwidth.sty
Package: varwidth 2009/03/30 ver 0.92;  Variable-width minipages
\@vwid@box=\box58
\sift@deathcycles=\count279
\@vwid@loff=\dimen147
\@vwid@roff=\dimen148
)
\c@taburow=\count280
\tabu@nbcols=\count281
\tabu@cnt=\count282
\tabu@Xcol=\count283
\tabu@alloc=\count284
\tabu@nested=\count285
\tabu@target=\dimen149
\tabu@spreadtarget=\dimen150
\tabu@naturalX=\dimen151
\tabucolX=\dimen152
\tabu@Xsum=\dimen153
\extrarowdepth=\dimen154
\abovetabulinesep=\dimen155
\belowtabulinesep=\dimen156
\tabustrutrule=\dimen157
\tabu@thebody=\toks24
\tabu@footnotes=\toks25
\tabu@box=\box59
\tabu@arstrutbox=\box60
\tabu@hleads=\box61
\tabu@vleads=\box62
\tabu@cellskip=\skip61
)
(C:\Programs\MiKTeX\tex/latex/fancyvrb\fancyvrb.sty
Package: fancyvrb 2024/01/20 4.5c verbatim text (tvz,hv)

(C:\Programs\MiKTeX\tex/latex/graphics\keyval.sty
Package: keyval 2022/05/29 v1.15 key=value parser (DPC)
\KV@toks@=\toks26
)
\FV@CodeLineNo=\count286
\FV@InFile=\read3
\FV@TabBox=\box63
\c@FancyVerbLine=\count287
\FV@StepNumber=\count288
\FV@OutFile=\write3
)
(C:\Programs\MiKTeX\tex/latex/tools\tabularx.sty
Package: tabularx 2023/12/11 v2.12a `tabularx' package (DPC)
\TX@col@width=\dimen158
\TX@old@table=\dimen159
\TX@old@col=\dimen160
\TX@target=\dimen161
\TX@delta=\dimen162
\TX@cols=\count289
\TX@ftn=\toks27
)
(C:\Programs\MiKTeX\tex/latex/tools\multicol.sty
Package: multicol 2024/05/23 v1.9h multicolumn formatting (FMi)
\c@tracingmulticols=\count290
\mult@box=\box64
\multicol@leftmargin=\dimen163
\c@unbalance=\count291
\c@collectmore=\count292
\doublecol@number=\count293
\multicoltolerance=\count294
\multicolpretolerance=\count295
\full@width=\dimen164
\page@free=\dimen165
\premulticols=\dimen166
\postmulticols=\dimen167
\multicolsep=\skip62
\multicolbaselineskip=\skip63
\partial@page=\box65
\last@line=\box66
\mc@boxedresult=\box67
\maxbalancingoverflow=\dimen168
\mult@rightbox=\box68
\mult@grightbox=\box69
\mult@firstbox=\box70
\mult@gfirstbox=\box71
\@tempa=\box72
\@tempa=\box73
\@tempa=\box74
\@tempa=\box75
\@tempa=\box76
\@tempa=\box77
\@tempa=\box78
\@tempa=\box79
\@tempa=\box80
\@tempa=\box81
\@tempa=\box82
\@tempa=\box83
\@tempa=\box84
\@tempa=\box85
\@tempa=\box86
\@tempa=\box87
\@tempa=\box88
\@tempa=\box89
\@tempa=\box90
\@tempa=\box91
\@tempa=\box92
\@tempa=\box93
\@tempa=\box94
\@tempa=\box95
\@tempa=\box96
\@tempa=\box97
\@tempa=\box98
\@tempa=\box99
\@tempa=\box100
\@tempa=\box101
\@tempa=\box102
\@tempa=\box103
\@tempa=\box104
\@tempa=\box105
\@tempa=\box106
\@tempa=\box107
\c@minrows=\count296
\c@columnbadness=\count297
\c@finalcolumnbadness=\count298
\last@try=\dimen169
\multicolovershoot=\dimen170
\multicolundershoot=\dimen171
\mult@nat@firstbox=\box108
\colbreak@box=\box109
\mc@col@check@num=\count299
)
(C:\Programs\MiKTeX\tex/latex/multirow\multirow.sty
Package: multirow 2021/03/15 v2.8 Span multiple rows of a table
\multirow@colwidth=\skip64
\multirow@cntb=\count300
\multirow@dima=\skip65
\bigstrutjot=\dimen172
)
(C:\Programs\MiKTeX\tex/latex/hanging\hanging.sty
Package: hanging 2009/09/02 v1.2b hanging paragraphs and punctuation
\h@ngcommawd=\skip66
\h@ngfstopwd=\skip67
\h@ngquotewd=\skip68
\h@ngdquotewd=\skip69
\h@ngquerywd=\skip70
\h@ngexclwd=\skip71
\h@ngcolonwd=\skip72
\h@ngscolonwd=\skip73
)
(C:\Programs\MiKTeX\tex/generic/iftex\ifpdf.sty
Package: ifpdf 2019/10/25 v3.4 ifpdf legacy package. Use iftex instead.
)
(C:\Programs\MiKTeX\tex/latex/adjustbox\adjustbox.sty
Package: adjustbox 2022/10/17 v1.3a Adjusting TeX boxes (trim, clip, ...)

(C:\Programs\MiKTeX\tex/latex/xkeyval\xkeyval.sty
Package: xkeyval 2022/06/16 v2.9 package option processing (HA)

(C:\Programs\MiKTeX\tex/generic/xkeyval\xkeyval.tex
(C:\Programs\MiKTeX\tex/generic/xkeyval\xkvutils.tex
\XKV@toks=\toks28
\XKV@tempa@toks=\toks29
)
\XKV@depth=\count301
File: xkeyval.tex 2014/12/03 v2.7a key=value parser (HA)
))
(C:\Programs\MiKTeX\tex/latex/adjustbox\adjcalc.sty
Package: adjcalc 2012/05/16 v1.1 Provides advanced setlength with multiple back
-ends (calc, etex, pgfmath)
)
(C:\Programs\MiKTeX\tex/latex/adjustbox\trimclip.sty
Package: trimclip 2020/08/19 v1.2 Trim and clip general TeX material

(C:\Programs\MiKTeX\tex/latex/graphics\graphicx.sty
Package: graphicx 2021/09/16 v1.2d Enhanced LaTeX Graphics (DPC,SPQR)

(C:\Programs\MiKTeX\tex/latex/graphics\graphics.sty
Package: graphics 2024/05/23 v1.4g Standard LaTeX Graphics (DPC,SPQR)

(C:\Programs\MiKTeX\tex/latex/graphics\trig.sty
Package: trig 2023/12/02 v1.11 sin cos tan (DPC)
)
(C:\Programs\MiKTeX\tex/latex/graphics-cfg\graphics.cfg
File: graphics.cfg 2016/06/04 v1.11 sample graphics configuration
)
Package graphics Info: Driver file: pdftex.def on input line 106.
)
\Gin@req@height=\dimen173
\Gin@req@width=\dimen174
)
(C:\Programs\MiKTeX\tex/latex/collectbox\collectbox.sty
Package: collectbox 2022/10/17 v0.4c Collect macro arguments as boxes
\collectedbox=\box110
)
\tc@llx=\dimen175
\tc@lly=\dimen176
\tc@urx=\dimen177
\tc@ury=\dimen178
Package trimclip Info: Using driver 'tc-pdftex.def'.

(C:\Programs\MiKTeX\tex/latex/adjustbox\tc-pdftex.def
File: tc-pdftex.def 2019/01/04 v2.2 Clipping driver for pdftex
))
\adjbox@Width=\dimen179
\adjbox@Height=\dimen180
\adjbox@Depth=\dimen181
\adjbox@Totalheight=\dimen182
\adjbox@pwidth=\dimen183
\adjbox@pheight=\dimen184
\adjbox@pdepth=\dimen185
\adjbox@ptotalheight=\dimen186

(C:\Programs\MiKTeX\tex/latex/ifoddpage\ifoddpage.sty
Package: ifoddpage 2022/10/18 v1.2 Conditionals for odd/even page detection
\c@checkoddpage=\count302
))
(C:\Programs\MiKTeX\tex/latex/amsfonts\amssymb.sty
Package: amssymb 2013/01/14 v3.01 AMS font symbols

(C:\Programs\MiKTeX\tex/latex/amsfonts\amsfonts.sty
Package: amsfonts 2013/01/14 v3.01 Basic AMSFonts support
\@emptytoks=\toks30
\symAMSa=\mathgroup4
\symAMSb=\mathgroup5
LaTeX Font Info:    Redeclaring math symbol \hbar on input line 98.
LaTeX Font Info:    Overwriting math alphabet `\mathfrak' in version `bold'
(Font)                  U/euf/m/n --> U/euf/b/n on input line 106.
))
(C:\Programs\MiKTeX\tex/latex/stackengine\stackengine.sty
Package: stackengine 2021/07/22 v4.11\ Stacking text and objects in convenient 
ways

(C:\Programs\MiKTeX\tex/latex/etoolbox\etoolbox.sty
Package: etoolbox 2020/10/05 v2.5k e-TeX tools for LaTeX (JAW)
\etb@tempcnta=\count303
)
(C:\Programs\MiKTeX\tex/latex/listofitems\listofitems.sty
(C:\Programs\MiKTeX\tex/generic/listofitems\listofitems.tex
\loi_cnt_foreach_nest=\count304
\loi_nestcnt=\count305
)
Package: listofitems 2024/03/09 v1.65 Grab items in lists using user-specified 
sep char (CT)
)
\c@@stackindex=\count306
\@boxshift=\skip74
\stack@tmplength=\skip75
\temp@stkl=\skip76
\@stackedboxwidth=\skip77
\@addedbox=\box111
\@anchorbox=\box112
\@insetbox=\box113
\se@backgroundbox=\box114
\stackedbox=\box115
\@centerbox=\box116
\c@ROWcellindex@=\count307
)
(C:\Programs\MiKTeX\tex/latex/enumitem\enumitem.sty
Package: enumitem 2019/06/20 v3.9 Customized lists
\labelindent=\skip78
\enit@outerparindent=\dimen187
\enit@toks=\toks31
\enit@inbox=\box117
\enit@count@id=\count308
\enitdp@description=\count309
)
(C:\Programs\MiKTeX\tex/generic/alphalph\alphalph.sty
Package: alphalph 2019/12/09 v2.6 Convert numbers to letters (HO)

(C:\Programs\MiKTeX\tex/generic/intcalc\intcalc.sty
Package: intcalc 2019/12/15 v1.3 Expandable calculations with integers (HO)
))
(C:\Programs\MiKTeX\tex/latex/ulem\ulem.sty
\UL@box=\box118
\UL@hyphenbox=\box119
\UL@skip=\skip79
\UL@hook=\toks32
\UL@height=\dimen188
\UL@pe=\count310
\UL@pixel=\dimen189
\ULC@box=\box120
Package: ulem 2019/11/18
\ULdepth=\dimen190
)
\xrefbox=\box121
\xreflength=\skip80
\CodeWidthChar=\skip81
\CodeHeightChar=\skip82
\DoxyCodeWidth=\skip83
\c@DoxyEnumeratei=\count311
\c@DoxyEnumerateii=\count312
\c@DoxyEnumerateiii=\count313
\c@DoxyEnumerateiv=\count314
\c@DoxyEnumeratev=\count315
\c@DoxyEnumeratevi=\count316
\c@DoxyEnumeratevii=\count317
\c@DoxyEnumerateviii=\count318
\c@DoxyEnumerateix=\count319
\c@DoxyEnumeratex=\count320
\c@DoxyEnumeratexi=\count321
\c@DoxyEnumeratexii=\count322
\enitdp@DoxyEnumerate=\count323
\enitdp@DoxyItemize=\count324
\c@subsubsubsection=\count325
\c@subsubsubsubsection=\count326
\c@subsubsubsubsubsection=\count327
\c@subsubsubsubsubsubsection=\count328
)
(C:\Programs\MiKTeX\tex/latex/base\inputenc.sty
Package: inputenc 2024/02/08 v1.3d Input encoding file
\inpenc@prehook=\toks33
\inpenc@posthook=\toks34
)
(C:\Programs\MiKTeX\tex/latex/base\makeidx.sty
Package: makeidx 2021/10/04 v1.0m Standard LaTeX package
)
(C:\Programs\MiKTeX\tex/latex/base\textcomp.sty
Package: textcomp 2024/04/24 v2.1b Standard LaTeX package
)
(C:\Programs\MiKTeX\tex/latex/wasysym\wasysym.sty
Package: wasysym 2020/01/19 v2.4 Wasy-2 symbol support package
\symwasy=\mathgroup6
LaTeX Font Info:    Overwriting symbol font `wasy' in version `bold'
(Font)                  U/wasy/m/n --> U/wasy/b/n on input line 93.
)
(C:\Programs\MiKTeX\tex/generic/iftex\ifxetex.sty
Package: ifxetex 2019/10/25 v0.7 ifxetex legacy package. Use iftex instead.
)
(C:\Programs\MiKTeX\tex/latex/base\fontenc.sty
Package: fontenc 2021/04/29 v2.0v Standard LaTeX package
)
(C:\Programs\MiKTeX\tex/latex/psnfss\helvet.sty
Package: helvet 2020/03/25 PSNFSS-v9.3 (WaS) 
)
(C:\Programs\MiKTeX\tex/latex/psnfss\courier.sty
Package: courier 2020/03/25 PSNFSS-v9.3 (WaS) 
)
(C:\Programs\MiKTeX\tex/latex/geometry\geometry.sty
Package: geometry 2020/01/02 v5.9 Page Geometry

(C:\Programs\MiKTeX\tex/generic/iftex\ifvtex.sty
Package: ifvtex 2019/10/25 v1.7 ifvtex legacy package. Use iftex instead.
)
\Gm@cnth=\count329
\Gm@cntv=\count330
\c@Gm@tempcnt=\count331
\Gm@bindingoffset=\dimen191
\Gm@wd@mp=\dimen192
\Gm@odd@mp=\dimen193
\Gm@even@mp=\dimen194
\Gm@layoutwidth=\dimen195
\Gm@layoutheight=\dimen196
\Gm@layouthoffset=\dimen197
\Gm@layoutvoffset=\dimen198
\Gm@dimlist=\toks35

(C:\Programs\MiKTeX\tex/latex/geometry\geometry.cfg))
(C:\Programs\MiKTeX\tex/latex/changepage\changepage.sty
Package: changepage 2009/10/20 v1.0c check page and change page layout
\c@cp@cntr=\count332
\cp@tempcnt=\count333
LaTeX Info: Redefining \checkoddpage on input line 59.
)
(C:\Programs\MiKTeX\tex/latex/fancyhdr\fancyhdr.sty
Package: fancyhdr 2024/07/23 v4.3.1 Extensive control of page headers and foote
rs
\f@nch@headwidth=\skip84
\f@nch@O@elh=\skip85
\f@nch@O@erh=\skip86
\f@nch@O@olh=\skip87
\f@nch@O@orh=\skip88
\f@nch@O@elf=\skip89
\f@nch@O@erf=\skip90
\f@nch@O@olf=\skip91
\f@nch@O@orf=\skip92
)
(C:\Programs\MiKTeX\tex/latex/natbib\natbib.sty
Package: natbib 2010/09/13 8.31b (PWD, AO)
\bibhang=\skip93
\bibsep=\skip94
LaTeX Info: Redefining \cite on input line 694.
\c@NAT@ctr=\count334
)
(C:\Programs\MiKTeX\tex/latex/tocloft\tocloft.sty
Package: tocloft 2017/08/31 v2.3i parameterised ToC, etc., typesetting
Package tocloft Info: The document has chapter divisions on input line 51.
\cftparskip=\skip95
\cftbeforetoctitleskip=\skip96
\cftaftertoctitleskip=\skip97
\cftbeforepartskip=\skip98
\cftpartnumwidth=\skip99
\cftpartindent=\skip100
\cftbeforechapskip=\skip101
\cftchapindent=\skip102
\cftchapnumwidth=\skip103
\cftbeforesecskip=\skip104
\cftsecindent=\skip105
\cftsecnumwidth=\skip106
\cftbeforesubsecskip=\skip107
\cftsubsecindent=\skip108
\cftsubsecnumwidth=\skip109
\cftbeforesubsubsecskip=\skip110
\cftsubsubsecindent=\skip111
\cftsubsubsecnumwidth=\skip112
\cftbeforeparaskip=\skip113
\cftparaindent=\skip114
\cftparanumwidth=\skip115
\cftbeforesubparaskip=\skip116
\cftsubparaindent=\skip117
\cftsubparanumwidth=\skip118
\cftbeforeloftitleskip=\skip119
\cftafterloftitleskip=\skip120
\cftbeforefigskip=\skip121
\cftfigindent=\skip122
\cftfignumwidth=\skip123
\c@lofdepth=\count335
\c@lotdepth=\count336
\cftbeforelottitleskip=\skip124
\cftafterlottitleskip=\skip125
\cftbeforetabskip=\skip126
\cfttabindent=\skip127
\cfttabnumwidth=\skip128
)
\@indexfile=\write4
\openout4 = `refman.idx'.


Writing index file refman.idx
(C:\Programs\MiKTeX\tex/latex/newunicodechar\newunicodechar.sty
Package: newunicodechar 2018/04/08 v1.2 Defining Unicode characters
)
(C:\Programs\MiKTeX\tex/latex/hyperref\hyperref.sty
Package: hyperref 2024-07-10 v7.01j Hypertext links for LaTeX

(C:\Programs\MiKTeX\tex/latex/kvsetkeys\kvsetkeys.sty
Package: kvsetkeys 2022-10-05 v1.19 Key value parser (HO)
)
(C:\Programs\MiKTeX\tex/generic/kvdefinekeys\kvdefinekeys.sty
Package: kvdefinekeys 2019-12-19 v1.6 Define keys (HO)
)
(C:\Programs\MiKTeX\tex/generic/pdfescape\pdfescape.sty
Package: pdfescape 2019/12/09 v1.15 Implements pdfTeX's escape features (HO)

(C:\Programs\MiKTeX\tex/generic/ltxcmds\ltxcmds.sty
Package: ltxcmds 2023-12-04 v1.26 LaTeX kernel commands for general use (HO)
)
(C:\Programs\MiKTeX\tex/generic/pdftexcmds\pdftexcmds.sty
Package: pdftexcmds 2020-06-27 v0.33 Utility functions of pdfTeX for LuaTeX (HO
)
Package pdftexcmds Info: \pdf@primitive is available.
Package pdftexcmds Info: \pdf@ifprimitive is available.
Package pdftexcmds Info: \pdfdraftmode found.
))
(C:\Programs\MiKTeX\tex/latex/hycolor\hycolor.sty
Package: hycolor 2020-01-27 v1.10 Color options for hyperref/bookmark (HO)
)
(C:\Programs\MiKTeX\tex/latex/hyperref\nameref.sty
Package: nameref 2023-11-26 v2.56 Cross-referencing by name of section

(C:\Programs\MiKTeX\tex/latex/refcount\refcount.sty
Package: refcount 2019/12/15 v3.6 Data extraction from label references (HO)
)
(C:\Programs\MiKTeX\tex/generic/gettitlestring\gettitlestring.sty
Package: gettitlestring 2019/12/15 v1.6 Cleanup title references (HO)

(C:\Programs\MiKTeX\tex/latex/kvoptions\kvoptions.sty
Package: kvoptions 2022-06-15 v3.15 Key value format for package options (HO)
))
\c@section@level=\count337
)
(C:\Programs\MiKTeX\tex/generic/stringenc\stringenc.sty
Package: stringenc 2019/11/29 v1.12 Convert strings between diff. encodings (HO
)
)
\@linkdim=\dimen199
\Hy@linkcounter=\count338
\Hy@pagecounter=\count339

(C:\Programs\MiKTeX\tex/latex/hyperref\pd1enc.def
File: pd1enc.def 2024-07-10 v7.01j Hyperref: PDFDocEncoding definition (HO)
Now handling font encoding PD1 ...
... no UTF-8 mapping file for font encoding PD1
)
\Hy@SavedSpaceFactor=\count340

(C:\Programs\MiKTeX\tex/latex/hyperref\puenc.def
File: puenc.def 2024-07-10 v7.01j Hyperref: PDF Unicode definition (HO)
Now handling font encoding PU ...
... no UTF-8 mapping file for font encoding PU
)
Package hyperref Info: Hyper figures OFF on input line 4157.
Package hyperref Info: Link nesting OFF on input line 4162.
Package hyperref Info: Hyper index ON on input line 4165.
Package hyperref Info: Plain pages OFF on input line 4172.
Package hyperref Info: Backreferencing ON on input line 4175.
Package hyperref Info: Implicit mode ON; LaTeX internals redefined.
Package hyperref Info: Bookmarks ON on input line 4424.

(C:\Programs\MiKTeX\tex/latex/hyperref\backref.sty
Package: backref 2023-11-26 v1.44 Bibliographical back referencing

(C:\Programs\MiKTeX\tex/latex/rerunfilecheck\rerunfilecheck.sty
Package: rerunfilecheck 2022-07-10 v1.10 Rerun checks for auxiliary files (HO)

(C:\Programs\MiKTeX\tex/latex/base\atveryend-ltx.sty
Package: atveryend-ltx 2020/08/19 v1.0a Emulation of the original atveryend pac
kage
with kernel methods
)
(C:\Programs\MiKTeX\tex/generic/uniquecounter\uniquecounter.sty
Package: uniquecounter 2019/12/15 v1.4 Provide unlimited unique counter (HO)

(C:\Programs\MiKTeX\tex/generic/bigintcalc\bigintcalc.sty
Package: bigintcalc 2019/12/15 v1.5 Expandable calculations on big integers (HO
)
))
Package uniquecounter Info: New unique counter `rerunfilecheck' on input line 2
85.
))
\c@Hy@tempcnt=\count341

(C:\Programs\MiKTeX\tex/latex/url\url.sty
\Urlmuskip=\muskip17
Package: url 2013/09/16  ver 3.4  Verb mode for urls, etc.
)
LaTeX Info: Redefining \url on input line 4763.
\XeTeXLinkMargin=\dimen256

(C:\Programs\MiKTeX\tex/generic/bitset\bitset.sty
Package: bitset 2019/12/09 v1.3 Handle bit-vector datatype (HO)
)
\Fld@menulength=\count342
\Field@Width=\dimen257
\Fld@charsize=\dimen258
Package hyperref Info: Hyper figures OFF on input line 6042.
Package hyperref Info: Link nesting OFF on input line 6047.
Package hyperref Info: Hyper index ON on input line 6050.
Package hyperref Info: backreferencing ON on input line 6055.
Package hyperref Info: Link coloring OFF on input line 6062.
Package hyperref Info: Link coloring with OCG OFF on input line 6067.
Package hyperref Info: PDF/A mode OFF on input line 6072.

(C:\Programs\MiKTeX\tex/latex/base\atbegshi-ltx.sty
Package: atbegshi-ltx 2021/01/10 v1.0c Emulation of the original atbegshi
package with kernel methods
)
\Hy@abspage=\count343
\c@Item=\count344
\c@Hfootnote=\count345
)
Package hyperref Info: Driver: hpdftex.

(C:\Programs\MiKTeX\tex/latex/hyperref\hpdftex.def
File: hpdftex.def 2024-07-10 v7.01j Hyperref driver for pdfTeX
\Fld@listcount=\count346
\c@bookmark@seq@number=\count347
\Hy@SectionHShift=\skip129
)
Package hyperref Info: Option `colorlinks' set `true' on input line 187.
Package hyperref Info: Option `unicode' set `true' on input line 187.

(C:\Programs\MiKTeX\tex/latex/caption\caption.sty
Package: caption 2023/08/05 v3.6o Customizing captions (AR)

(C:\Programs\MiKTeX\tex/latex/caption\caption3.sty
Package: caption3 2023/07/31 v2.4d caption3 kernel (AR)
\caption@tempdima=\dimen259
\captionmargin=\dimen260
\caption@leftmargin=\dimen261
\caption@rightmargin=\dimen262
\caption@width=\dimen263
\caption@indent=\dimen264
\caption@parindent=\dimen265
\caption@hangindent=\dimen266
Package caption Info: Standard document class detected.
)
\c@caption@flags=\count348
\c@continuedfloat=\count349
Package caption Info: changepage package is loaded.
\caption@adjustwidth@hsize=\dimen267
\caption@adjustwidth@linewidth=\dimen268
Package caption Info: float package is loaded.
Package caption Info: hyperref package is loaded.
Package caption Info: longtable package is loaded.

(C:\Programs\MiKTeX\tex/latex/caption\ltcaption.sty
Package: ltcaption 2021/01/08 v1.4c longtable captions (AR)
))
(C:\Programs\MiKTeX\tex/latex/etoc\etoc.sty
Package: etoc 2023/10/29 v1.2d Completely customisable TOCs (JFB)
\Etoc@toctoks=\toks36
\c@etoc@tocid=\count350
\etoc@framed@titlebox=\box122
\etoc@framed@contentsbox=\box123
)
LaTeX Font Info:    Trying to load font information for T1+phv on input line 20
9.

(C:\Programs\MiKTeX\tex/latex/psnfss\t1phv.fd
File: t1phv.fd 2020/03/25 scalable font definitions for T1/phv.
)
LaTeX Font Info:    Font shape `T1/phv/m/n' will be
(Font)              scaled to size 8.99994pt on input line 209.

(C:\Programs\MiKTeX\tex/latex/l3backend\l3backend-pdftex.def
File: l3backend-pdftex.def 2024-05-08 L3 backend support: PDF output (pdfTeX)
\l__color_backend_stack_int=\count351
\l__pdf_internal_box=\box124
) (refman.aux

LaTeX Warning: Label `current__handler_8h_a7c642c4146e90b830b50cccac4f759f9' mu
ltiply defined.


LaTeX Warning: Label `current__handler_8h_a7c642c4146e90b830b50cccac4f759f9' mu
ltiply defined.


LaTeX Warning: Label `current__handler_8h_a7c642c4146e90b830b50cccac4f759f9' mu
ltiply defined.


LaTeX Warning: Label `fram_8h_aa29a92e6bc02acfd837e5918e24e3546' multiply defin
ed.


LaTeX Warning: Label `fram_8h_aa29a92e6bc02acfd837e5918e24e3546' multiply defin
ed.


LaTeX Warning: Label `fram_8h_aa682506abc3c09d2fcb4a3e7c3d2d854' multiply defin
ed.


LaTeX Warning: Label `fram_8h_aa682506abc3c09d2fcb4a3e7c3d2d854' multiply defin
ed.


LaTeX Warning: Label `fram_8h_aa682506abc3c09d2fcb4a3e7c3d2d854' multiply defin
ed.


LaTeX Warning: Label `fram_8h_aa682506abc3c09d2fcb4a3e7c3d2d854' multiply defin
ed.


LaTeX Warning: Label `fram_8h_aa682506abc3c09d2fcb4a3e7c3d2d854' multiply defin
ed.


LaTeX Warning: Label `fram_8h_aa682506abc3c09d2fcb4a3e7c3d2d854' multiply defin
ed.


LaTeX Warning: Label `fram_8h_ad79c233c62b0ea3893ddf0314677e5f0' multiply defin
ed.


LaTeX Warning: Label `fram_8h_ad79c233c62b0ea3893ddf0314677e5f0' multiply defin
ed.


LaTeX Warning: Label `fram_8h_ad79c233c62b0ea3893ddf0314677e5f0' multiply defin
ed.


LaTeX Warning: Label `fram_8h_ad79c233c62b0ea3893ddf0314677e5f0' multiply defin
ed.


LaTeX Warning: Label `fram_8h_a3448c8a3cbec1c8208d12c5304bb4f60' multiply defin
ed.


LaTeX Warning: Label `fram_8h_a3448c8a3cbec1c8208d12c5304bb4f60' multiply defin
ed.


LaTeX Warning: Label `stm32l412xx-bsp_8h_a06fc87d81c62e9abb8790b6e5713c55b' mul
tiply defined.


LaTeX Warning: Label `stm32l412xx-bsp_8h_a06fc87d81c62e9abb8790b6e5713c55b' mul
tiply defined.


LaTeX Warning: Label `stm32l412xx-bsp_8h_a5b3ef0486b179415581eb342e0ea6b43' mul
tiply defined.


LaTeX Warning: Label `stm32l412xx-bsp_8h_a5b3ef0486b179415581eb342e0ea6b43' mul
tiply defined.


LaTeX Warning: Label `temperature__handler_8h_ac1f79fe4324645df017591625773527d
' multiply defined.


LaTeX Warning: Label `temperature__handler_8h_ac1f79fe4324645df017591625773527d
' multiply defined.


LaTeX Warning: Label `temperature__handler_8h_ac1f79fe4324645df017591625773527d
' multiply defined.


LaTeX Warning: Label `voltage__handler_8h_a9df5e007c9e7817a315de169e5d2f293' mu
ltiply defined.


LaTeX Warning: Label `voltage__handler_8h_a9df5e007c9e7817a315de169e5d2f293' mu
ltiply defined.


LaTeX Warning: Label `voltage__handler_8h_a9df5e007c9e7817a315de169e5d2f293' mu
ltiply defined.


LaTeX Warning: Label `voltage__handler_8h_a9df5e007c9e7817a315de169e5d2f293' mu
ltiply defined.


LaTeX Warning: Label `voltage__handler_8h_a9df5e007c9e7817a315de169e5d2f293' mu
ltiply defined.

)
\openout1 = `refman.aux'.

LaTeX Font Info:    Checking defaults for OML/cmm/m/it on input line 209.
LaTeX Font Info:    ... okay on input line 209.
LaTeX Font Info:    Checking defaults for OMS/cmsy/m/n on input line 209.
LaTeX Font Info:    ... okay on input line 209.
LaTeX Font Info:    Checking defaults for OT1/cmr/m/n on input line 209.
LaTeX Font Info:    ... okay on input line 209.
LaTeX Font Info:    Checking defaults for T1/cmr/m/n on input line 209.
LaTeX Font Info:    ... okay on input line 209.
LaTeX Font Info:    Checking defaults for TS1/cmr/m/n on input line 209.
LaTeX Font Info:    ... okay on input line 209.
LaTeX Font Info:    Checking defaults for OMX/cmex/m/n on input line 209.
LaTeX Font Info:    ... okay on input line 209.
LaTeX Font Info:    Checking defaults for U/cmr/m/n on input line 209.
LaTeX Font Info:    ... okay on input line 209.
LaTeX Font Info:    Checking defaults for PD1/pdf/m/n on input line 209.
LaTeX Font Info:    ... okay on input line 209.
LaTeX Font Info:    Checking defaults for PU/pdf/m/n on input line 209.
LaTeX Font Info:    ... okay on input line 209.
 (C:\Programs\MiKTeX\tex/context/base/mkii\supp-pdf.mkii
[Loading MPS to PDF converter (version 2006.09.02).]
\scratchcounter=\count352
\scratchdimen=\dimen269
\scratchbox=\box125
\nofMPsegments=\count353
\nofMParguments=\count354
\everyMPshowfont=\toks37
\MPscratchCnt=\count355
\MPscratchDim=\dimen270
\MPnumerator=\count356
\makeMPintoPDFobject=\count357
\everyMPtoPDFconversion=\toks38
) (C:\Programs\MiKTeX\tex/latex/epstopdf-pkg\epstopdf-base.sty
Package: epstopdf-base 2020-01-24 v2.11 Base part for package epstopdf
Package epstopdf-base Info: Redefining graphics rule for `.eps' on input line 4
85.

(C:\Programs\MiKTeX\tex/latex/00miktex\epstopdf-sys.cfg
File: epstopdf-sys.cfg 2021/03/18 v2.0 Configuration of epstopdf for MiKTeX
))
*geometry* driver: auto-detecting
*geometry* detected driver: pdftex
*geometry* verbose mode - [ preamble ] result:
* driver: pdftex
* paper: a4paper
* layout: <same size as paper>
* layoutoffset:(h,v)=(0.0pt,0.0pt)
* modes: twoside 
* h-part:(L,W,R)=(71.13188pt, 455.24411pt, 71.13188pt)
* v-part:(T,H,B)=(71.13188pt, 702.78308pt, 71.13188pt)
* \paperwidth=597.50787pt
* \paperheight=845.04684pt
* \textwidth=455.24411pt
* \textheight=702.78308pt
* \oddsidemargin=-1.1381pt
* \evensidemargin=-1.1381pt
* \topmargin=-31.2056pt
* \headheight=12.0pt
* \headsep=18.06749pt
* \topskip=10.0pt
* \footskip=25.29494pt
* \marginparwidth=125.0pt
* \marginparsep=7.0pt
* \columnsep=10.0pt
* \skip\footins=9.0pt plus 4.0pt minus 2.0pt
* \hoffset=0.0pt
* \voffset=0.0pt
* \mag=1000
* \@twocolumnfalse
* \@twosidetrue
* \@mparswitchtrue
* \@reversemarginfalse
* (1in=72.27pt=25.4mm, 1cm=28.453pt)

Package backref Info: ** backref set up for natbib ** on input line 209.
Package hyperref Info: Link coloring ON on input line 209.
(refman.out) (refman.out)
\@outlinefile=\write5
\openout5 = `refman.out'.

Package caption Info: Begin \AtBeginDocument code.
Package caption Info: End \AtBeginDocument code.
\Etoc@tf=\read4
Package hyperref Info: Option `pageanchor' set `false' on input line 217.
Package hyperref Info: Option `bookmarksnumbered' set `true' on input line 217.

Package hyperref Info: Option `unicode' set `true' on input line 217.
LaTeX Font Info:    Font shape `T1/phv/m/n' will be
(Font)              scaled to size 12.9599pt on input line 222.
LaTeX Font Info:    Font shape `T1/phv/m/n' will be
(Font)              scaled to size 10.79993pt on input line 223.
LaTeX Font Info:    Font shape `T1/phv/m/n' will be
(Font)              scaled to size 6.29996pt on input line 223.
LaTeX Font Info:    Trying to load font information for U+msa on input line 223
.
 (C:\Programs\MiKTeX\tex/latex/amsfonts\umsa.fd
File: umsa.fd 2013/01/14 v3.01 AMS symbols A
)
LaTeX Font Info:    Trying to load font information for U+msb on input line 223
.

(C:\Programs\MiKTeX\tex/latex/amsfonts\umsb.fd
File: umsb.fd 2013/01/14 v3.01 AMS symbols B
)
LaTeX Font Info:    Trying to load font information for U+wasy on input line 22
3.

(C:\Programs\MiKTeX\tex/latex/wasysym\uwasy.fd
File: uwasy.fd 2020/01/19 v2.4 Wasy-2 symbol font definitions
)

[1


{C:/Users/agreen/AppData/Local/MiKTeX/fonts/map/pdftex/pdftex.map}{C:/Programs/
MiKTeX/fonts/enc/dvips/base/8r.enc}]

[2

]
\tf@toc=\write6
\openout6 = `refman.toc'.

LaTeX Font Info:    Font shape `T1/phv/b/n' will be
(Font)              scaled to size 8.99994pt on input line 231.

Underfull \hbox (badness 1552) in paragraph at lines 231--231
 [][] [][]\T1/phv/m/n/10 4.1 C[]:/[]Users/agreen/[]Documents/[]Projects/[]Aveo/
[]CH-53[]K[]_[][]LED[]_[][]Controller/[]Core/[]Inc/button[]_[]handler.h File 
 []


Underfull \hbox (badness 5050) in paragraph at lines 231--231
 [][] [][]\T1/phv/m/n/10 4.5 C[]:/[]Users/agreen/[]Documents/[]Projects/[]Aveo/
[]CH-53[]K[]_[][]LED[]_[][]Controller/[]Core/[]Inc/delay[]_[]handler.h File 
 []



LaTeX Font Info:    Font shape `T1/phv/b/n' will be
(Font)              scaled to size 6.29996pt on input line 231.
[1]
Underfull \hbox (badness 2134) in paragraph at lines 231--231
 [][] [][]\T1/phv/m/n/10 4.15 C[]:/[]Users/agreen/[]Documents/[]Projects/[]Aveo
/[]CH-53[]K[]_[][]LED[]_[][]Controller/[]Core/[]Inc/pwm[]_[]handler.h File 
 []



[2]
Underfull \hbox (badness 10000) in paragraph at lines 231--231
 [][] [][]\T1/phv/m/n/10 4.17 C[]:/[]Users/agreen/[]Documents/[]Projects/[]Aveo
/[]CH-53[]K[]_[][]LED[]_[][]Controller/[]Core/[]Inc/stm32l412xx-bsp.h 
 []



[3]

[4]

[5]
Underfull \hbox (badness 10000) in paragraph at lines 231--231
 [][] [][]\T1/phv/m/n/10 4.21 C[]:/[]Users/agreen/[]Documents/[]Projects/[]Aveo
/[]CH-53[]K[]_[][]LED[]_[][]Controller/[]Core/[]Inc/temperature[]_[] 
 []


Underfull \hbox (badness 10000) in paragraph at lines 231--231
 [][] [][]\T1/phv/m/n/10 4.23 C[]:/[]Users/agreen/[]Documents/[]Projects/[]Aveo
/[]CH-53[]K[]_[][]LED[]_[][]Controller/[]Core/[]Inc/voltage[]_[]handler.h 
 []


Underfull \hbox (badness 10000) in paragraph at lines 231--231
 [][] [][]\T1/phv/m/n/10 4.26 C[]:/[]Users/agreen/[]Documents/[]Projects/[]Aveo
/[]CH-53[]K[]_[][]LED[]_[][]Controller/[]Core/[]Src/current[]_[]handler.c 
 []



[6]

[7]
Underfull \hbox (badness 1454) in paragraph at lines 231--231
 [][] [][]\T1/phv/m/n/10 4.32 C[]:/[]Users/agreen/[]Documents/[]Projects/[]Aveo
/[]CH-53[]K[]_[][]LED[]_[][]Controller/[]Core/[]Src/pwm[]_[]handler.c File 
 []


Underfull \hbox (badness 10000) in paragraph at lines 231--231
 [][] [][]\T1/phv/m/n/10 4.33 C[]:/[]Users/agreen/[]Documents/[]Projects/[]Aveo
/[]CH-53[]K[]_[][]LED[]_[][]Controller/[]Core/[]Src/stm32l412xx-bsp.c 
 []



[8]
Underfull \hbox (badness 10000) in paragraph at lines 231--231
 [][] [][]\T1/phv/m/n/10 4.34 C[]:/[]Users/agreen/[]Documents/[]Projects/[]Aveo
/[]CH-53[]K[]_[][]LED[]_[][]Controller/[]Core/[]Src/stm32l4xx[]_[]hal[]_[] 
 []


Underfull \hbox (badness 10000) in paragraph at lines 231--231
 [][] [][]\T1/phv/m/n/10 4.35 C[]:/[]Users/agreen/[]Documents/[]Projects/[]Aveo
/[]CH-53[]K[]_[][]LED[]_[][]Controller/[]Core/[]Src/temperature[]_[] 
 []


Underfull \hbox (badness 10000) in paragraph at lines 231--231
 [][] [][]\T1/phv/m/n/10 4.36 C[]:/[]Users/agreen/[]Documents/[]Projects/[]Aveo
/[]CH-53[]K[]_[][]LED[]_[][]Controller/[]Core/[]Src/voltage[]_[]handler.c 
 []



[9]

[10

]
Package hyperref Info: Option `pageanchor' set `true' on input line 234.

Chapter 1.
LaTeX Font Info:    Font shape `T1/phv/m/n' will be
(Font)              scaled to size 18.66588pt on input line 236.
LaTeX Font Info:    Font shape `T1/phv/b/n' will be
(Font)              scaled to size 18.66588pt on input line 236.
LaTeX Font Info:    Font shape `T1/phv/b/n' will be
(Font)              scaled to size 22.39185pt on input line 236.
(annotated.tex
LaTeX Font Info:    Font shape `T1/phv/b/n' will be
(Font)              scaled to size 12.9599pt on input line 1.
)

[1

]

[2

]
Chapter 2.
(files.tex)

[3]

[4

]
Chapter 3.
(struct_pwm_struct.tex
LaTeX Font Info:    Trying to load font information for T1+pcr on input line 5.

 (C:\Programs\MiKTeX\tex/latex/psnfss\t1pcr.fd
File: t1pcr.fd 2001/06/04 font definitions for T1/pcr.
)
LaTeX Font Info:    Trying to load font information for TS1+phv on input line 1
0.

(C:\Programs\MiKTeX\tex/latex/psnfss\ts1phv.fd
File: ts1phv.fd 2020/03/25 scalable font definitions for TS1/phv.
)
LaTeX Font Info:    Font shape `TS1/phv/m/n' will be
(Font)              scaled to size 8.99994pt on input line 10.
LaTeX Font Info:    Font shape `T1/phv/b/n' will be
(Font)              scaled to size 10.79993pt on input line 16.
LaTeX Font Info:    Font shape `T1/phv/m/n' will be
(Font)              scaled to size 7.19995pt on input line 23.
) (struct_timer_struct.tex

[5])

[6]
Chapter 4.
(button__handler_8h.tex
Underfull \hbox (badness 10000) in paragraph at lines 3--5

 []

LaTeX Font Info:    Font shape `T1/phv/m/n' will be
(Font)              scaled to size 8.09995pt on input line 9.
LaTeX Font Info:    Font shape `T1/phv/m/it' in size <9> not available
(Font)              Font shape `T1/phv/m/sl' tried instead on input line 9.
LaTeX Font Info:    Font shape `T1/phv/m/sl' will be
(Font)              scaled to size 8.09995pt on input line 9.
LaTeX Font Info:    Font shape `T1/pcr/m/it' in size <8> not available
(Font)              Font shape `T1/pcr/m/sl' tried instead on input line 21.


[7

]) (button__handler_8h_source.tex) (current__handler_8h.tex
Underfull \hbox (badness 10000) in paragraph at lines 3--4

 []



[8]


Package fancyhdr Warning: \headheight is too small (12.0pt): 
(fancyhdr)                Make it at least 22.16548pt, for example:
(fancyhdr)                \setlength{\headheight}{22.16548pt}.
(fancyhdr)                You might also make \topmargin smaller to compensate:

(fancyhdr)                \addtolength{\topmargin}{-10.16548pt}.

[9]) (current__handler_8h_source.tex) (delay__handler_8h.tex
Underfull \hbox (badness 10000) in paragraph at lines 3--4

 []



[10]
LaTeX Font Info:    Font shape `T1/pcr/m/it' in size <7> not available
(Font)              Font shape `T1/pcr/m/sl' tried instead on input line 39.
) (delay__handler_8h_source.tex


Package fancyhdr Warning: \headheight is too small (12.0pt): 
(fancyhdr)                Make it at least 22.16548pt, for example:
(fancyhdr)                \setlength{\headheight}{22.16548pt}.
(fancyhdr)                You might also make \topmargin smaller to compensate:

(fancyhdr)                \addtolength{\topmargin}{-10.16548pt}.

[11]) (fram_8h.tex
Underfull \hbox (badness 10000) in paragraph at lines 3--4

 []



[12]

[13]

[14]) (fram_8h_source.tex

[15]

[16]) (logger_8h.tex
Underfull \hbox (badness 10000) in paragraph at lines 3--4

 []



[17]) (logger_8h_source.tex) (main_8h.tex

[18]
Underfull \hbox (badness 10000) in paragraph at lines 8--9

 []


Underfull \hbox (badness 10000) detected at line 19
[][][]
 []

) (main_8h_source.tex

[19]) (my__printf_8h.tex) (my__printf_8h_source.tex

[20]) (pwm__handler_8h.tex
Underfull \hbox (badness 10000) in paragraph at lines 3--4

 []

LaTeX Font Info:    Font shape `TS1/phv/m/it' in size <9> not available
(Font)              Font shape `TS1/phv/m/sl' tried instead on input line 27.
LaTeX Font Info:    Font shape `TS1/phv/m/sl' will be
(Font)              scaled to size 8.09995pt on input line 27.



Package fancyhdr Warning: \headheight is too small (12.0pt): 
(fancyhdr)                Make it at least 22.16548pt, for example:
(fancyhdr)                \setlength{\headheight}{22.16548pt}.
(fancyhdr)                You might also make \topmargin smaller to compensate:

(fancyhdr)                \addtolength{\topmargin}{-10.16548pt}.

[21]

[22]
Overfull \hbox (3.48268pt too wide) in paragraph at lines 1--1
[]\T1/phv/m/sl/10 is[] 
 []




Package fancyhdr Warning: \headheight is too small (12.0pt): 
(fancyhdr)                Make it at least 22.16548pt, for example:
(fancyhdr)                \setlength{\headheight}{22.16548pt}.
(fancyhdr)                You might also make \topmargin smaller to compensate:

(fancyhdr)                \addtolength{\topmargin}{-10.16548pt}.

[23]) (pwm__handler_8h_source.tex) (stm32l412xx-bsp_8h.tex
Underfull \hbox (badness 10000) in paragraph at lines 3--4

 []



[24]


Package fancyhdr Warning: \headheight is too small (12.0pt): 
(fancyhdr)                Make it at least 22.16548pt, for example:
(fancyhdr)                \setlength{\headheight}{22.16548pt}.
(fancyhdr)                You might also make \topmargin smaller to compensate:

(fancyhdr)                \addtolength{\topmargin}{-10.16548pt}.

[25]

[26]


Package fancyhdr Warning: \headheight is too small (12.0pt): 
(fancyhdr)                Make it at least 22.16548pt, for example:
(fancyhdr)                \setlength{\headheight}{22.16548pt}.
(fancyhdr)                You might also make \topmargin smaller to compensate:

(fancyhdr)                \addtolength{\topmargin}{-10.16548pt}.

[27]

[28]


Package fancyhdr Warning: \headheight is too small (12.0pt): 
(fancyhdr)                Make it at least 22.16548pt, for example:
(fancyhdr)                \setlength{\headheight}{22.16548pt}.
(fancyhdr)                You might also make \topmargin smaller to compensate:

(fancyhdr)                \addtolength{\topmargin}{-10.16548pt}.

[29]

[30]


Package fancyhdr Warning: \headheight is too small (12.0pt): 
(fancyhdr)                Make it at least 22.16548pt, for example:
(fancyhdr)                \setlength{\headheight}{22.16548pt}.
(fancyhdr)                You might also make \topmargin smaller to compensate:

(fancyhdr)                \addtolength{\topmargin}{-10.16548pt}.

[31]

[32]


Package fancyhdr Warning: \headheight is too small (12.0pt): 
(fancyhdr)                Make it at least 22.16548pt, for example:
(fancyhdr)                \setlength{\headheight}{22.16548pt}.
(fancyhdr)                You might also make \topmargin smaller to compensate:

(fancyhdr)                \addtolength{\topmargin}{-10.16548pt}.

[33]

[34]) (stm32l412xx-bsp_8h_source.tex

[35]

[36]) (stm32l4xx__hal__conf_8h.tex
Underfull \hbox (badness 1668) in paragraph at lines 5--6
\T1/phv/m/n/10 HAL con-fig-u-ra-tion tem-plate file. This file should be copied
 to the ap-pli-ca-tion folder and re-named to
 []


Underfull \hbox (badness 10000) in paragraph at lines 8--16

 []




Package fancyhdr Warning: \headheight is too small (12.0pt): 
(fancyhdr)                Make it at least 22.16548pt, for example:
(fancyhdr)                \setlength{\headheight}{22.16548pt}.
(fancyhdr)                You might also make \topmargin smaller to compensate:

(fancyhdr)                \addtolength{\topmargin}{-10.16548pt}.

[37]

[38]
Underfull \hbox (badness 1668) in paragraph at lines 144--145
\T1/phv/m/n/10 HAL con-fig-u-ra-tion tem-plate file. This file should be copied
 to the ap-pli-ca-tion folder and re-named to
 []


Underfull \hbox (badness 10000) detected at line 146
[][][]
 []


Underfull \hbox (badness 10000) detected at line 149
[][][]
 []




Package fancyhdr Warning: \headheight is too small (12.0pt): 
(fancyhdr)                Make it at least 22.16548pt, for example:
(fancyhdr)                \setlength{\headheight}{22.16548pt}.
(fancyhdr)                You might also make \topmargin smaller to compensate:

(fancyhdr)                \addtolength{\topmargin}{-10.16548pt}.

[39]

[40]


Package fancyhdr Warning: \headheight is too small (12.0pt): 
(fancyhdr)                Make it at least 22.16548pt, for example:
(fancyhdr)                \setlength{\headheight}{22.16548pt}.
(fancyhdr)                You might also make \topmargin smaller to compensate:

(fancyhdr)                \addtolength{\topmargin}{-10.16548pt}.

[41]

[42]


Package fancyhdr Warning: \headheight is too small (12.0pt): 
(fancyhdr)                Make it at least 22.16548pt, for example:
(fancyhdr)                \setlength{\headheight}{22.16548pt}.
(fancyhdr)                You might also make \topmargin smaller to compensate:

(fancyhdr)                \addtolength{\topmargin}{-10.16548pt}.

[43]

[44]


Package fancyhdr Warning: \headheight is too small (12.0pt): 
(fancyhdr)                Make it at least 22.16548pt, for example:
(fancyhdr)                \setlength{\headheight}{22.16548pt}.
(fancyhdr)                You might also make \topmargin smaller to compensate:

(fancyhdr)                \addtolength{\topmargin}{-10.16548pt}.

[45]) (stm32l4xx__hal__conf_8h_source.tex

[46]

[47]

[48]

[49]

[50]) (temperature__handler_8h.tex
Underfull \hbox (badness 10000) in paragraph at lines 3--4

 []




Package fancyhdr Warning: \headheight is too small (12.0pt): 
(fancyhdr)                Make it at least 22.16548pt, for example:
(fancyhdr)                \setlength{\headheight}{22.16548pt}.
(fancyhdr)                You might also make \topmargin smaller to compensate:

(fancyhdr)                \addtolength{\topmargin}{-10.16548pt}.

[51]) (temperature__handler_8h_source.tex

[52]) (voltage__handler_8h.tex
Underfull \hbox (badness 10000) in paragraph at lines 3--4

 []



[53]) (voltage__handler_8h_source.tex

[54]) (button__handler_8c.tex
Underfull \hbox (badness 10000) in paragraph at lines 3--5

 []



[55]) (current__handler_8c.tex
Underfull \hbox (badness 10000) in paragraph at lines 3--7

 []



[56]


Package fancyhdr Warning: \headheight is too small (12.0pt): 
(fancyhdr)                Make it at least 22.16548pt, for example:
(fancyhdr)                \setlength{\headheight}{22.16548pt}.
(fancyhdr)                You might also make \topmargin smaller to compensate:

(fancyhdr)                \addtolength{\topmargin}{-10.16548pt}.

[57]) (delay__handler_8c.tex
Underfull \hbox (badness 10000) in paragraph at lines 3--5

 []



[58]) (fram_8c.tex
Underfull \hbox (badness 10000) in paragraph at lines 3--7

 []




Package fancyhdr Warning: \headheight is too small (12.0pt): 
(fancyhdr)                Make it at least 22.16548pt, for example:
(fancyhdr)                \setlength{\headheight}{22.16548pt}.
(fancyhdr)                You might also make \topmargin smaller to compensate:

(fancyhdr)                \addtolength{\topmargin}{-10.16548pt}.

[59]

[60]

[61]) (logger_8c.tex
Underfull \hbox (badness 10000) in paragraph at lines 3--8

 []



[62]) (main_8c.tex
Underfull \hbox (badness 10000) in paragraph at lines 8--16

 []



[63]
Underfull \hbox (badness 10000) detected at line 54
[][][]
 []



[64]

[65]) (my__printf_8c.tex) (pwm__handler_8c.tex
Underfull \hbox (badness 10000) in paragraph at lines 3--7

 []



[66]


Package fancyhdr Warning: \headheight is too small (12.0pt): 
(fancyhdr)                Make it at least 22.16548pt, for example:
(fancyhdr)                \setlength{\headheight}{22.16548pt}.
(fancyhdr)                You might also make \topmargin smaller to compensate:

(fancyhdr)                \addtolength{\topmargin}{-10.16548pt}.

[67]
Overfull \hbox (3.48268pt too wide) in paragraph at lines 1--1
[]\T1/phv/m/sl/10 is[] 
 []



[68]) (stm32l412xx-bsp_8c.tex
Underfull \hbox (badness 10000) in paragraph at lines 3--4

 []




Package fancyhdr Warning: \headheight is too small (12.0pt): 
(fancyhdr)                Make it at least 22.16548pt, for example:
(fancyhdr)                \setlength{\headheight}{22.16548pt}.
(fancyhdr)                You might also make \topmargin smaller to compensate:

(fancyhdr)                \addtolength{\topmargin}{-10.16548pt}.

[69]

[70]


Package fancyhdr Warning: \headheight is too small (12.0pt): 
(fancyhdr)                Make it at least 22.16548pt, for example:
(fancyhdr)                \setlength{\headheight}{22.16548pt}.
(fancyhdr)                You might also make \topmargin smaller to compensate:

(fancyhdr)                \addtolength{\topmargin}{-10.16548pt}.

[71]

[72]


Package fancyhdr Warning: \headheight is too small (12.0pt): 
(fancyhdr)                Make it at least 22.16548pt, for example:
(fancyhdr)                \setlength{\headheight}{22.16548pt}.
(fancyhdr)                You might also make \topmargin smaller to compensate:

(fancyhdr)                \addtolength{\topmargin}{-10.16548pt}.

[73]

[74]) (stm32l4xx__hal__msp_8c.tex
Underfull \hbox (badness 10000) in paragraph at lines 8--9

 []


Underfull \hbox (badness 10000) detected at line 19
[][][]
 []

) (temperature__handler_8c.tex
Underfull \hbox (badness 10000) in paragraph at lines 3--7

 []




Package fancyhdr Warning: \headheight is too small (12.0pt): 
(fancyhdr)                Make it at least 22.16548pt, for example:
(fancyhdr)                \setlength{\headheight}{22.16548pt}.
(fancyhdr)                You might also make \topmargin smaller to compensate:

(fancyhdr)                \addtolength{\topmargin}{-10.16548pt}.

[75]

[76]


Package fancyhdr Warning: \headheight is too small (12.0pt): 
(fancyhdr)                Make it at least 22.16548pt, for example:
(fancyhdr)                \setlength{\headheight}{22.16548pt}.
(fancyhdr)                You might also make \topmargin smaller to compensate:

(fancyhdr)                \addtolength{\topmargin}{-10.16548pt}.

[77]) (voltage__handler_8c.tex
Underfull \hbox (badness 10000) in paragraph at lines 3--7

 []



[78]


Package fancyhdr Warning: \headheight is too small (12.0pt): 
(fancyhdr)                Make it at least 22.16548pt, for example:
(fancyhdr)                \setlength{\headheight}{22.16548pt}.
(fancyhdr)                You might also make \topmargin smaller to compensate:

(fancyhdr)                \addtolength{\topmargin}{-10.16548pt}.

[79])

[80] (refman.ind
LaTeX Font Info:    Font shape `T1/phv/m/n' will be
(Font)              scaled to size 22.39185pt on input line 1.

Overfull \hbox (157.71051pt too wide) in paragraph at lines 44--46
[]\T1/phv/m/n/10 C:/Users/agreen/Documents/Projects/Aveo/CH-53K_LED_Controller/
Core/Inc/button_handler.h,
 []


Overfull \hbox (160.87851pt too wide) in paragraph at lines 46--48
[]\T1/phv/m/n/10 C:/Users/agreen/Documents/Projects/Aveo/CH-53K_LED_Controller/
Core/Inc/current_handler.h,
 []


Overfull \hbox (154.11076pt too wide) in paragraph at lines 48--50
[]\T1/phv/m/n/10 C:/Users/agreen/Documents/Projects/Aveo/CH-53K_LED_Controller/
Core/Inc/delay_handler.h,
 []


Overfull \hbox (116.21239pt too wide) in paragraph at lines 50--52
[]\T1/phv/m/n/10 C:/Users/agreen/Documents/Projects/Aveo/CH-53K_LED_Controller/
Core/Inc/fram.h,
 []


Overfull \hbox (122.86325pt too wide) in paragraph at lines 52--54
[]\T1/phv/m/n/10 C:/Users/agreen/Documents/Projects/Aveo/CH-53K_LED_Controller/
Core/Inc/logger.h,
 []


Overfull \hbox (117.80542pt too wide) in paragraph at lines 54--56
[]\T1/phv/m/n/10 C:/Users/agreen/Documents/Projects/Aveo/CH-53K_LED_Controller/
Core/Inc/main.h,
 []


Overfull \hbox (135.04005pt too wide) in paragraph at lines 56--58
[]\T1/phv/m/n/10 C:/Users/agreen/Documents/Projects/Aveo/CH-53K_LED_Controller/
Core/Inc/my_printf.h,
 []




Overfull \hbox (151.8698pt too wide) in paragraph at lines 58--60
[]\T1/phv/m/n/10 C:/Users/agreen/Documents/Projects/Aveo/CH-53K_LED_Controller/
Core/Inc/pwm_handler.h,
 []


Overfull \hbox (141.80818pt too wide) in paragraph at lines 60--62
[]\T1/phv/m/n/10 C:/Users/agreen/Documents/Projects/Aveo/CH-53K_LED_Controller/
Core/Inc/stm32l412xx-
 []


Overfull \hbox (177.56444pt too wide) in paragraph at lines 62--64
[]\T1/phv/m/n/10 C:/Users/agreen/Documents/Projects/Aveo/CH-53K_LED_Controller/
Core/Inc/stm32l4xx_hal_conf.h,
 []


Overfull \hbox (181.29906pt too wide) in paragraph at lines 64--66
[]\T1/phv/m/n/10 C:/Users/agreen/Documents/Projects/Aveo/CH-53K_LED_Controller/
Core/Inc/temperature_handler.h,
 []


Overfull \hbox (161.6615pt too wide) in paragraph at lines 66--68
[]\T1/phv/m/n/10 C:/Users/agreen/Documents/Projects/Aveo/CH-53K_LED_Controller/
Core/Inc/voltage_handler.h,
 []


Overfull \hbox (158.70059pt too wide) in paragraph at lines 68--70
[]\T1/phv/m/n/10 C:/Users/agreen/Documents/Projects/Aveo/CH-53K_LED_Controller/
Core/Src/button_handler.c,
 []


Overfull \hbox (161.86859pt too wide) in paragraph at lines 70--72
[]\T1/phv/m/n/10 C:/Users/agreen/Documents/Projects/Aveo/CH-53K_LED_Controller/
Core/Src/current_handler.c,
 []


Overfull \hbox (155.10085pt too wide) in paragraph at lines 72--74
[]\T1/phv/m/n/10 C:/Users/agreen/Documents/Projects/Aveo/CH-53K_LED_Controller/
Core/Src/delay_handler.c,
 []


Overfull \hbox (117.20247pt too wide) in paragraph at lines 74--76
[]\T1/phv/m/n/10 C:/Users/agreen/Documents/Projects/Aveo/CH-53K_LED_Controller/
Core/Src/fram.c,
 []


Overfull \hbox (123.85333pt too wide) in paragraph at lines 76--78
[]\T1/phv/m/n/10 C:/Users/agreen/Documents/Projects/Aveo/CH-53K_LED_Controller/
Core/Src/logger.c,
 []


Overfull \hbox (118.7955pt too wide) in paragraph at lines 78--80
[]\T1/phv/m/n/10 C:/Users/agreen/Documents/Projects/Aveo/CH-53K_LED_Controller/
Core/Src/main.c,
 []


Overfull \hbox (136.03014pt too wide) in paragraph at lines 80--82
[]\T1/phv/m/n/10 C:/Users/agreen/Documents/Projects/Aveo/CH-53K_LED_Controller/
Core/Src/my_printf.c,
 []


Overfull \hbox (152.85988pt too wide) in paragraph at lines 82--84
[]\T1/phv/m/n/10 C:/Users/agreen/Documents/Projects/Aveo/CH-53K_LED_Controller/
Core/Src/pwm_handler.c,
 []


Overfull \hbox (143.3022pt too wide) in paragraph at lines 84--86
[]\T1/phv/m/n/10 C:/Users/agreen/Documents/Projects/Aveo/CH-53K_LED_Controller/
Core/Src/stm32l412xx-
 []


Overfull \hbox (178.50058pt too wide) in paragraph at lines 86--88
[]\T1/phv/m/n/10 C:/Users/agreen/Documents/Projects/Aveo/CH-53K_LED_Controller/
Core/Src/stm32l4xx_hal_msp.c,
 []


Overfull \hbox (182.28914pt too wide) in paragraph at lines 88--90
[]\T1/phv/m/n/10 C:/Users/agreen/Documents/Projects/Aveo/CH-53K_LED_Controller/
Core/Src/temperature_handler.c,
 []


Overfull \hbox (162.65158pt too wide) in paragraph at lines 90--92
[]\T1/phv/m/n/10 C:/Users/agreen/Documents/Projects/Aveo/CH-53K_LED_Controller/
Core/Src/voltage_handler.c,
 []



[81



]



[82]



[83]



[84]



[85]


Underfull \hbox (badness 10000) in paragraph at lines 697--698
[]| \T1/phv/m/n/10 USE_HAL_GFXMMU_REGISTER_CALLBACKS,
 []



[86]



[87]



[88]) (refman.aux)
 ***********
LaTeX2e <2024-06-01> patch level 2
L3 programming layer <2024-08-16>
 ***********


LaTeX Warning: There were multiply-defined labels.

Package rerunfilecheck Info: File `refman.out' has not changed.
(rerunfilecheck)             Checksum: 6D7F46E7837DD55DDC0A14377489F421;84517.
 ) 
Here is how much of TeX's memory you used:
 19799 strings out of 473899
 340476 string characters out of 5738692
 1983960 words of memory out of 5000000
 41364 multiletter control sequences out of 15000+600000
 612764 words of font info for 104 fonts, out of 8000000 for 9000
 1141 hyphenation exceptions out of 8191
 101i,16n,117p,1411b,749s stack positions out of 10000i,1000n,20000p,200000b,200000s
<C:/Programs/MiKTeX/fonts/type1/public/amsfonts/cm/cmmi10.pfb><C:/Programs/Mi
KTeX/fonts/type1/public/amsfonts/cm/cmmi7.pfb><C:/Programs/MiKTeX/fonts/type1/p
ublic/amsfonts/cm/cmsy10.pfb><C:/Programs/MiKTeX/fonts/type1/public/amsfonts/cm
/cmsy7.pfb><C:/Programs/MiKTeX/fonts/type1/public/amsfonts/cm/cmsy8.pfb><C:/Pro
grams/MiKTeX/fonts/type1/urw/courier/ucrr8a.pfb><C:/Programs/MiKTeX/fonts/type1
/urw/courier/ucrro8a.pfb><C:/Programs/MiKTeX/fonts/type1/urw/helvetic/uhvb8a.pf
b><C:/Programs/MiKTeX/fonts/type1/urw/helvetic/uhvb8ac.pfb><C:/Programs/MiKTeX/
fonts/type1/urw/helvetic/uhvr8a.pfb><C:/Programs/MiKTeX/fonts/type1/urw/helveti
c/uhvro8a.pfb>
Output written on refman.pdf (100 pages, 867440 bytes).
PDF statistics:
 4069 PDF objects out of 4296 (max. 8388607)
 894 named destinations out of 1000 (max. 500000)
 2825 words of extra memory for PDF output out of 10000 (max. 10000000)

